#
# There is insufficient memory for the Java Runtime Environment to continue.
# Native memory allocation (mmap) failed to map 45088768 bytes for Failed to commit area from 0x000000008d700000 to 0x0000000090200000 of length 45088768.
# Possible reasons:
#   The system is out of physical RAM or swap space
#   The process is running with CompressedOops enabled, and the Java Heap may be blocking the growth of the native heap
# Possible solutions:
#   Reduce memory load on the system
#   Increase physical memory or swap space
#   Check if swap backing store is full
#   Decrease Java heap size (-Xmx/-Xms)
#   Decrease number of Java threads
#   Decrease Java thread stack sizes (-Xss)
#   Set larger code cache with -XX:ReservedCodeCacheSize=
#   JVM is running with Unscaled Compressed Oops mode in which the Java heap is
#     placed in the first 4GB address space. The Java Heap base address is the
#     maximum limit for the native heap growth. Please use -XX:HeapBaseMinAddress
#     to set the Java Heap base and to place the Java Heap above 4GB virtual address.
# This output file may be truncated or incomplete.
#
#  Out of Memory Error (os_windows.cpp:3386), pid=13016, tid=5216
#
# JRE version: OpenJDK Runtime Environment Microsoft-7621296 (11.0.19+7) (build 11.0.19+7-LTS)
# Java VM: OpenJDK 64-Bit Server VM Microsoft-7621296 (11.0.19+7-LTS, mixed mode, tiered, compressed oops, g1 gc, windows-amd64)
# No core dump will be written. Minidumps are not enabled by default on client versions of Windows
#

---------------  S U M M A R Y ------------

Command Line: -XX:MaxMetaspaceSize=512m --add-opens=java.base/java.util=ALL-UNNAMED --add-opens=java.base/java.lang=ALL-UNNAMED --add-opens=java.base/java.lang.invoke=ALL-UNNAMED --add-opens=java.base/java.util=ALL-UNNAMED --add-opens=java.prefs/java.util.prefs=ALL-UNNAMED --add-opens=java.prefs/java.util.prefs=ALL-UNNAMED --add-opens=java.base/java.nio.charset=ALL-UNNAMED --add-opens=java.base/java.net=ALL-UNNAMED --add-opens=java.base/java.util.concurrent.atomic=ALL-UNNAMED -Xmx2048m -Dfile.encoding=windows-1252 -Duser.country=IN -Duser.language=en -Duser.variant org.gradle.launcher.daemon.bootstrap.GradleDaemon 7.5.1

Host: Intel(R) Core(TM) i3-1005G1 CPU @ 1.20GHz, 4 cores, 7G,  Windows 11 , 64 bit Build 22621 (10.0.22621.1635)
Time: Wed Jun  7 18:50:10 2023 India Standard Time elapsed time: 45.828406 seconds (0d 0h 0m 45s)

---------------  T H R E A D  ---------------

Current thread (0x000002dcf8e70800):  VMThread "VM Thread" [stack: 0x000000f6c2800000,0x000000f6c2900000] [id=5216]

Stack: [0x000000f6c2800000,0x000000f6c2900000]
[error occurred during error reporting (printing stack bounds), id 0xc0000005, EXCEPTION_ACCESS_VIOLATION (0xc0000005) at pc=0x000002dce2da12e7]

Native frames: (J=compiled Java code, j=interpreted, Vv=VM code, C=native code)
V  [jvm.dll+0x62caaa]
V  [jvm.dll+0x7b9fc9]
V  [jvm.dll+0x7bb6b8]
V  [jvm.dll+0x7bbcf5]
V  [jvm.dll+0x7bbcab]
V  [jvm.dll+0x62be37]
V  [jvm.dll+0x62c548]
C  [ntdll.dll+0xa3cff]
C  [ntdll.dll+0x1e456]
C  [ntdll.dll+0xa2cee]
C  0x000002dce2da12e7

VM_Operation (0x000000f6c66fb3c0): G1CollectForAllocation, mode: safepoint, requested by thread 0x000002dcfd7ba800


---------------  P R O C E S S  ---------------

Threads class SMR info:
_java_thread_list=0x000002dcfc338ae0, length=87, elements={
0x000002dcda631000, 0x000002dcf8e74800, 0x000002dcf8e7d800, 0x000002dcf8e91800,
0x000002dcf8e94800, 0x000002dcf8e96000, 0x000002dcf8e99000, 0x000002dcf8ec9800,
0x000002dcf9844000, 0x000002dcf9953800, 0x000002dcfb01e000, 0x000002dcfb927000,
0x000002dcfa5d5800, 0x000002dcfa5c6800, 0x000002dcfa5a2800, 0x000002dcfacc0000,
0x000002dcf9d27000, 0x000002dcfa54b000, 0x000002dcfac4f800, 0x000002dcf9d18000,
0x000002dcf9c67800, 0x000002dcf9c62800, 0x000002dcf9c64000, 0x000002dcf9c66800,
0x000002dcf9c61800, 0x000002dcf9c66000, 0x000002dcf9c63800, 0x000002dcf9c65000,
0x000002dcf9c68800, 0x000002dcfdd45000, 0x000002dcfdd49000, 0x000002dcfdd43800,
0x000002dcfdd48800, 0x000002dcfdd44000, 0x000002dcfdd46000, 0x000002dcfdd4a800,
0x000002dcfdd4b800, 0x000002dcfdd4c800, 0x000002dcfdd46800, 0x000002dcfdd4d000,
0x000002dcfdd47800, 0x000002dcfdd50800, 0x000002dcfdd52000, 0x000002dcfdd4f000,
0x000002dcfdd4f800, 0x000002dcfdd4e000, 0x000002dcfdd51800, 0x000002dcfd7b8000,
0x000002dcfd7b8800, 0x000002dcfd7bc000, 0x000002dcfd7b9800, 0x000002dcfd7b7000,
0x000002dcfd7b6800, 0x000002dcfd7c0000, 0x000002dcfd7bd000, 0x000002dcfd7bd800,
0x000002dcfd7bf800, 0x000002dcfd7be800, 0x000002dcfd7ba800, 0x000002dcfd7c1000,
0x000002dcfd7bb000, 0x000002dcfd7c1800, 0x000002dcfd7c3800, 0x000002dcfd7c2800,
0x000002dcfd7c4000, 0x000002dcfd7c5000, 0x000002dcfd9d1800, 0x000002dcfd9d3000,
0x000002dcfd9d2000, 0x000002dcfd9cd800, 0x000002dcfd9d4000, 0x000002dcfd9d0800,
0x000002dcfd9ce000, 0x000002dcfd9cf800, 0x000002dcfd9d4800, 0x000002dcfd9cf000,
0x000002dcfd9db000, 0x000002dcfd9d8000, 0x000002dcfd9da800, 0x000002dcfd9d7000,
0x000002dcfd9d8800, 0x000002dcfd9d5800, 0x000002dcfd9d9800, 0x000002dcfd9dc000,
0x000002dcfd9d6800, 0x000002dc80184000, 0x000002dc80180000
}

Java Threads: ( => current thread )
  0x000002dcda631000 JavaThread "main" [_thread_blocked, id=12276, stack(0x000000f6c2200000,0x000000f6c2300000)]
  0x000002dcf8e74800 JavaThread "Reference Handler" daemon [_thread_blocked, id=11660, stack(0x000000f6c2900000,0x000000f6c2a00000)]
  0x000002dcf8e7d800 JavaThread "Finalizer" daemon [_thread_blocked, id=14660, stack(0x000000f6c2a00000,0x000000f6c2b00000)]
  0x000002dcf8e91800 JavaThread "Signal Dispatcher" daemon [_thread_blocked, id=16048, stack(0x000000f6c2b00000,0x000000f6c2c00000)]
  0x000002dcf8e94800 JavaThread "Attach Listener" daemon [_thread_blocked, id=6940, stack(0x000000f6c2c00000,0x000000f6c2d00000)]
  0x000002dcf8e96000 JavaThread "Service Thread" daemon [_thread_blocked, id=4456, stack(0x000000f6c2d00000,0x000000f6c2e00000)]
  0x000002dcf8e99000 JavaThread "C2 CompilerThread0" daemon [_thread_blocked, id=6872, stack(0x000000f6c2e00000,0x000000f6c2f00000)]
  0x000002dcf8ec9800 JavaThread "C1 CompilerThread0" daemon [_thread_blocked, id=2276, stack(0x000000f6c2f00000,0x000000f6c3000000)]
  0x000002dcf9844000 JavaThread "Sweeper thread" daemon [_thread_blocked, id=3420, stack(0x000000f6c3000000,0x000000f6c3100000)]
  0x000002dcf9953800 JavaThread "Common-Cleaner" daemon [_thread_blocked, id=12344, stack(0x000000f6c3100000,0x000000f6c3200000)]
  0x000002dcfb01e000 JavaThread "Daemon health stats" [_thread_blocked, id=3700, stack(0x000000f6c3400000,0x000000f6c3500000)]
  0x000002dcfb927000 JavaThread "Incoming local TCP Connector on port 53717" [_thread_in_native, id=7868, stack(0x000000f6c3500000,0x000000f6c3600000)]
  0x000002dcfa5d5800 JavaThread "Daemon periodic checks" [_thread_blocked, id=9556, stack(0x000000f6c3600000,0x000000f6c3700000)]
  0x000002dcfa5c6800 JavaThread "Daemon" [_thread_blocked, id=12952, stack(0x000000f6c3700000,0x000000f6c3800000)]
  0x000002dcfa5a2800 JavaThread "Handler for socket connection from /127.0.0.1:53717 to /127.0.0.1:53718" [_thread_in_native, id=7828, stack(0x000000f6c3800000,0x000000f6c3900000)]
  0x000002dcfacc0000 JavaThread "Cancel handler" [_thread_blocked, id=3880, stack(0x000000f6c3900000,0x000000f6c3a00000)]
  0x000002dcf9d27000 JavaThread "Daemon worker" [_thread_blocked, id=11196, stack(0x000000f6c3c00000,0x000000f6c3d00000)]
  0x000002dcfa54b000 JavaThread "Asynchronous log dispatcher for DefaultDaemonConnection: socket connection from /127.0.0.1:53717 to /127.0.0.1:53718" [_thread_blocked, id=14340, stack(0x000000f6c3d00000,0x000000f6c3e00000)]
  0x000002dcfac4f800 JavaThread "Stdin handler" [_thread_blocked, id=8544, stack(0x000000f6c3e00000,0x000000f6c3f00000)]
  0x000002dcf9d18000 JavaThread "Daemon client event forwarder" [_thread_blocked, id=3000, stack(0x000000f6c3f00000,0x000000f6c4000000)]
  0x000002dcf9c67800 JavaThread "Cache worker for journal cache (C:\Users\VISHAMBAR DUTT\.gradle\caches\journal-1)" [_thread_blocked, id=3716, stack(0x000000f6c4000000,0x000000f6c4100000)]
  0x000002dcf9c62800 JavaThread "File lock request listener" [_thread_in_native, id=16924, stack(0x000000f6c4100000,0x000000f6c4200000)]
  0x000002dcf9c64000 JavaThread "Cache worker for file hash cache (C:\Users\VISHAMBAR DUTT\.gradle\caches\7.5.1\fileHashes)" [_thread_blocked, id=13492, stack(0x000000f6c4200000,0x000000f6c4300000)]
  0x000002dcf9c66800 JavaThread "File watcher server" daemon [_thread_blocked, id=14500, stack(0x000000f6c4300000,0x000000f6c4400000)]
  0x000002dcf9c61800 JavaThread "File watcher consumer" daemon [_thread_blocked, id=5844, stack(0x000000f6c4400000,0x000000f6c4500000)]
  0x000002dcf9c66000 JavaThread "Cache worker for checksums cache (C:\Users\VISHAMBAR DUTT\Desktop\MyBilling\android\.gradle\7.5.1\checksums)" [_thread_blocked, id=14520, stack(0x000000f6c4500000,0x000000f6c4600000)]
  0x000002dcf9c63800 JavaThread "Cache worker for cache directory md-rule (C:\Users\VISHAMBAR DUTT\.gradle\caches\7.5.1\md-rule)" [_thread_blocked, id=14636, stack(0x000000f6c4600000,0x000000f6c4700000)]
  0x000002dcf9c65000 JavaThread "Cache worker for file content cache (C:\Users\VISHAMBAR DUTT\.gradle\caches\7.5.1\fileContent)" [_thread_blocked, id=11848, stack(0x000000f6c4700000,0x000000f6c4800000)]
  0x000002dcf9c68800 JavaThread "Cache worker for file hash cache (C:\Users\VISHAMBAR DUTT\Desktop\MyBilling\android\.gradle\7.5.1\fileHashes)" [_thread_blocked, id=9232, stack(0x000000f6c4800000,0x000000f6c4900000)]
  0x000002dcfdd45000 JavaThread "Cache worker for cache directory md-supplier (C:\Users\VISHAMBAR DUTT\.gradle\caches\7.5.1\md-supplier)" [_thread_blocked, id=4712, stack(0x000000f6c4900000,0x000000f6c4a00000)]
  0x000002dcfdd49000 JavaThread "Cache worker for execution history cache (C:\Users\VISHAMBAR DUTT\.gradle\caches\7.5.1\executionHistory)" [_thread_blocked, id=2368, stack(0x000000f6c4a00000,0x000000f6c4b00000)]
  0x000002dcfdd43800 JavaThread "jar transforms" [_thread_blocked, id=14892, stack(0x000000f6c4b00000,0x000000f6c4c00000)]
  0x000002dcfdd48800 JavaThread "jar transforms Thread 2" [_thread_blocked, id=13792, stack(0x000000f6c4c00000,0x000000f6c4d00000)]
  0x000002dcfdd44000 JavaThread "jar transforms Thread 3" [_thread_blocked, id=7344, stack(0x000000f6c4d00000,0x000000f6c4e00000)]
  0x000002dcfdd46000 JavaThread "jar transforms Thread 4" [_thread_blocked, id=15260, stack(0x000000f6c4e00000,0x000000f6c4f00000)]
  0x000002dcfdd4a800 JavaThread "Cache worker for kotlin-dsl (C:\Users\VISHAMBAR DUTT\.gradle\caches\7.5.1\kotlin-dsl)" [_thread_blocked, id=2260, stack(0x000000f6c4f00000,0x000000f6c5000000)]
  0x000002dcfdd4b800 JavaThread "Cache worker for dependencies-accessors (C:\Users\VISHAMBAR DUTT\Desktop\MyBilling\android\.gradle\7.5.1\dependencies-accessors)" [_thread_blocked, id=3652, stack(0x000000f6c5000000,0x000000f6c5100000)]
  0x000002dcfdd4c800 JavaThread "Cache worker for Build Output Cleanup Cache (C:\Users\VISHAMBAR DUTT\Desktop\MyBilling\node_modules\react-native-gradle-plugin\.gradle\buildOutputCleanup)" [_thread_blocked, id=16064, stack(0x000000f6c5100000,0x000000f6c5200000)]
  0x000002dcfdd46800 JavaThread "Unconstrained build operations" [_thread_blocked, id=9560, stack(0x000000f6c5200000,0x000000f6c5300000)]
  0x000002dcfdd4d000 JavaThread "Unconstrained build operations Thread 2" [_thread_blocked, id=8368, stack(0x000000f6c5300000,0x000000f6c5400000)]
  0x000002dcfdd47800 JavaThread "Unconstrained build operations Thread 3" [_thread_blocked, id=16932, stack(0x000000f6c5400000,0x000000f6c5500000)]
  0x000002dcfdd50800 JavaThread "Unconstrained build operations Thread 4" [_thread_blocked, id=3200, stack(0x000000f6c5500000,0x000000f6c5600000)]
  0x000002dcfdd52000 JavaThread "Unconstrained build operations Thread 5" [_thread_blocked, id=10172, stack(0x000000f6c5600000,0x000000f6c5700000)]
  0x000002dcfdd4f000 JavaThread "Unconstrained build operations Thread 6" [_thread_blocked, id=9208, stack(0x000000f6c5700000,0x000000f6c5800000)]
  0x000002dcfdd4f800 JavaThread "Unconstrained build operations Thread 7" [_thread_blocked, id=1980, stack(0x000000f6c5800000,0x000000f6c5900000)]
  0x000002dcfdd4e000 JavaThread "Unconstrained build operations Thread 8" [_thread_blocked, id=14176, stack(0x000000f6c5900000,0x000000f6c5a00000)]
  0x000002dcfdd51800 JavaThread "Unconstrained build operations Thread 9" [_thread_blocked, id=12032, stack(0x000000f6c5a00000,0x000000f6c5b00000)]
  0x000002dcfd7b8000 JavaThread "Unconstrained build operations Thread 10" [_thread_blocked, id=7436, stack(0x000000f6c5b00000,0x000000f6c5c00000)]
  0x000002dcfd7b8800 JavaThread "Unconstrained build operations Thread 11" [_thread_blocked, id=15608, stack(0x000000f6c5c00000,0x000000f6c5d00000)]
  0x000002dcfd7bc000 JavaThread "Unconstrained build operations Thread 12" [_thread_blocked, id=4224, stack(0x000000f6c5d00000,0x000000f6c5e00000)]
  0x000002dcfd7b9800 JavaThread "Unconstrained build operations Thread 13" [_thread_blocked, id=8556, stack(0x000000f6c5e00000,0x000000f6c5f00000)]
  0x000002dcfd7b7000 JavaThread "Unconstrained build operations Thread 14" [_thread_blocked, id=17292, stack(0x000000f6c5f00000,0x000000f6c6000000)]
  0x000002dcfd7b6800 JavaThread "Unconstrained build operations Thread 15" [_thread_blocked, id=2340, stack(0x000000f6c6000000,0x000000f6c6100000)]
  0x000002dcfd7c0000 JavaThread "Unconstrained build operations Thread 16" [_thread_blocked, id=8320, stack(0x000000f6c6100000,0x000000f6c6200000)]
  0x000002dcfd7bd000 JavaThread "Unconstrained build operations Thread 17" [_thread_blocked, id=13804, stack(0x000000f6c6200000,0x000000f6c6300000)]
  0x000002dcfd7bd800 JavaThread "Unconstrained build operations Thread 18" [_thread_blocked, id=11648, stack(0x000000f6c6300000,0x000000f6c6400000)]
  0x000002dcfd7bf800 JavaThread "Unconstrained build operations Thread 19" [_thread_blocked, id=8632, stack(0x000000f6c6400000,0x000000f6c6500000)]
  0x000002dcfd7be800 JavaThread "Unconstrained build operations Thread 20" [_thread_blocked, id=4280, stack(0x000000f6c6500000,0x000000f6c6600000)]
  0x000002dcfd7ba800 JavaThread "Unconstrained build operations Thread 21" [_thread_blocked, id=12384, stack(0x000000f6c6600000,0x000000f6c6700000)]
  0x000002dcfd7c1000 JavaThread "Unconstrained build operations Thread 22" [_thread_blocked, id=9324, stack(0x000000f6c6700000,0x000000f6c6800000)]
  0x000002dcfd7bb000 JavaThread "Unconstrained build operations Thread 23" [_thread_blocked, id=8228, stack(0x000000f6c6800000,0x000000f6c6900000)]
  0x000002dcfd7c1800 JavaThread "Unconstrained build operations Thread 24" [_thread_blocked, id=11036, stack(0x000000f6c6900000,0x000000f6c6a00000)]
  0x000002dcfd7c3800 JavaThread "Unconstrained build operations Thread 25" [_thread_blocked, id=8684, stack(0x000000f6c6a00000,0x000000f6c6b00000)]
  0x000002dcfd7c2800 JavaThread "Unconstrained build operations Thread 26" [_thread_blocked, id=8160, stack(0x000000f6c6b00000,0x000000f6c6c00000)]
  0x000002dcfd7c4000 JavaThread "Unconstrained build operations Thread 27" [_thread_blocked, id=16736, stack(0x000000f6c6c00000,0x000000f6c6d00000)]
  0x000002dcfd7c5000 JavaThread "Unconstrained build operations Thread 28" [_thread_blocked, id=8728, stack(0x000000f6c6d00000,0x000000f6c6e00000)]
  0x000002dcfd9d1800 JavaThread "Unconstrained build operations Thread 29" [_thread_blocked, id=4696, stack(0x000000f6c6e00000,0x000000f6c6f00000)]
  0x000002dcfd9d3000 JavaThread "Unconstrained build operations Thread 30" [_thread_blocked, id=14440, stack(0x000000f6c6f00000,0x000000f6c7000000)]
  0x000002dcfd9d2000 JavaThread "Unconstrained build operations Thread 31" [_thread_blocked, id=8696, stack(0x000000f6c7000000,0x000000f6c7100000)]
  0x000002dcfd9cd800 JavaThread "Unconstrained build operations Thread 32" [_thread_blocked, id=8280, stack(0x000000f6c7100000,0x000000f6c7200000)]
  0x000002dcfd9d4000 JavaThread "Unconstrained build operations Thread 33" [_thread_blocked, id=9392, stack(0x000000f6c7200000,0x000000f6c7300000)]
  0x000002dcfd9d0800 JavaThread "build event listener" [_thread_blocked, id=6716, stack(0x000000f6c7300000,0x000000f6c7400000)]
  0x000002dcfd9ce000 JavaThread "Memory manager" [_thread_blocked, id=9420, stack(0x000000f6c7400000,0x000000f6c7500000)]
  0x000002dcfd9cf800 JavaThread "Cache worker for Build Output Cleanup Cache (C:\Users\VISHAMBAR DUTT\Desktop\MyBilling\android\.gradle\buildOutputCleanup)" [_thread_blocked, id=9372, stack(0x000000f6c7500000,0x000000f6c7600000)]
  0x000002dcfd9d4800 JavaThread "included builds" [_thread_blocked, id=14448, stack(0x000000f6c7600000,0x000000f6c7700000)]
  0x000002dcfd9cf000 JavaThread "Execution worker" [_thread_blocked, id=9760, stack(0x000000f6c7700000,0x000000f6c7800000)]
  0x000002dcfd9db000 JavaThread "Execution worker Thread 2" [_thread_blocked, id=16100, stack(0x000000f6c7800000,0x000000f6c7900000)]
  0x000002dcfd9d8000 JavaThread "Execution worker Thread 3" [_thread_blocked, id=10080, stack(0x000000f6c7900000,0x000000f6c7a00000)]
  0x000002dcfd9da800 JavaThread "Cache worker for execution history cache (C:\Users\VISHAMBAR DUTT\Desktop\MyBilling\node_modules\react-native-gradle-plugin\.gradle\7.5.1\executionHistory)" [_thread_blocked, id=7584, stack(0x000000f6c7a00000,0x000000f6c7b00000)]
  0x000002dcfd9d7000 JavaThread "Unconstrained build operations Thread 34" [_thread_blocked, id=7668, stack(0x000000f6c7b00000,0x000000f6c7c00000)]
  0x000002dcfd9d8800 JavaThread "Unconstrained build operations Thread 35" [_thread_blocked, id=11624, stack(0x000000f6c7c00000,0x000000f6c7d00000)]
  0x000002dcfd9d5800 JavaThread "Unconstrained build operations Thread 36" [_thread_blocked, id=16456, stack(0x000000f6c7d00000,0x000000f6c7e00000)]
  0x000002dcfd9d9800 JavaThread "Unconstrained build operations Thread 37" [_thread_blocked, id=16176, stack(0x000000f6c7e00000,0x000000f6c7f00000)]
  0x000002dcfd9dc000 JavaThread "Unconstrained build operations Thread 38" [_thread_blocked, id=7304, stack(0x000000f6c7f00000,0x000000f6c8000000)]
  0x000002dcfd9d6800 JavaThread "Unconstrained build operations Thread 39" [_thread_blocked, id=8376, stack(0x000000f6c8000000,0x000000f6c8100000)]
  0x000002dc80184000 JavaThread "Unconstrained build operations Thread 40" [_thread_blocked, id=3708, stack(0x000000f6c8100000,0x000000f6c8200000)]
  0x000002dc80180000 JavaThread "Cache worker for execution history cache (C:\Users\VISHAMBAR DUTT\Desktop\MyBilling\android\.gradle\7.5.1\executionHistory)" [_thread_blocked, id=12968, stack(0x000000f6c8300000,0x000000f6c8400000)]

Other Threads:
=>0x000002dcf8e70800 VMThread "VM Thread" [stack: 0x000000f6c2800000,0x000000f6c2900000] [id=5216]
  0x000002dcf998b800 WatcherThread [stack: 0x000000f6c3200000,0x000000f6c3300000] [id=17196]
  0x000002dcda64a800 GCTaskThread "GC Thread#0" [stack: 0x000000f6c2300000,0x000000f6c2400000] [id=3952]
  0x000002dcf9c50800 GCTaskThread "GC Thread#1" [stack: 0x000000f6c3300000,0x000000f6c3400000] [id=7224]
  0x000002dcfae74800 GCTaskThread "GC Thread#2" [stack: 0x000000f6c3a00000,0x000000f6c3b00000] [id=2676]
  0x000002dcfb39a000 GCTaskThread "GC Thread#3" [stack: 0x000000f6c3b00000,0x000000f6c3c00000] [id=11284]
  0x000002dcda67c000 ConcurrentGCThread "G1 Main Marker" [stack: 0x000000f6c2400000,0x000000f6c2500000] [id=15420]
  0x000002dcda67d000 ConcurrentGCThread "G1 Conc#0" [stack: 0x000000f6c2500000,0x000000f6c2600000] [id=9668]
  0x000002dcf8ce2800 ConcurrentGCThread "G1 Refine#0" [stack: 0x000000f6c2600000,0x000000f6c2700000] [id=14872]
  0x000002dcf8ce4800 ConcurrentGCThread "G1 Young RemSet Sampling" [stack: 0x000000f6c2700000,0x000000f6c2800000] [id=16232]

Threads with active compile tasks:
C2 CompilerThread0    45855 14472       4       com.google.common.collect.ImmutableListMultimap$Builder::put (7 bytes)

VM state:at safepoint (normal execution)

VM Mutex/Monitor currently owned by a thread:  ([mutex/lock_event])
[0x000002dcda62e7e0] Threads_lock - owner thread: 0x000002dcf8e70800
[0x000002dcda62e5a0] Heap_lock - owner thread: 0x000002dcfd7ba800

Heap address: 0x0000000080000000, size: 2048 MB, Compressed Oops mode: 32-bit
Narrow klass base: 0x0000000000000000, Narrow klass shift: 3
Compressed class space size: 528482304 Address: 0x0000000100000000

Heap:
 garbage-first heap   total 264192K, used 146425K [0x0000000080000000, 0x0000000100000000)
  region size 1024K, 3 young (3072K), 3 survivors (3072K)
 Metaspace       used 108665K, capacity 111668K, committed 111956K, reserved 614400K
  class space    used 14089K, capacity 15308K, committed 15436K, reserved 516096K
Heap Regions: E=young(eden), S=young(survivor), O=old, HS=humongous(starts), HC=humongous(continues), CS=collection set, F=free, A=archive, TAMS=top-at-mark-start (previous, next)
|   0|0x0000000080000000, 0x0000000080100000, 0x0000000080100000|100%|HS|  |TAMS 0x0000000080100000, 0x0000000080000000| Complete 
|   1|0x0000000080100000, 0x0000000080200000, 0x0000000080200000|100%|HC|  |TAMS 0x0000000080200000, 0x0000000080100000| Complete 
|   2|0x0000000080200000, 0x0000000080300000, 0x0000000080300000|100%|HC|  |TAMS 0x0000000080300000, 0x0000000080200000| Complete 
|   3|0x0000000080300000, 0x0000000080400000, 0x0000000080400000|100%| O|  |TAMS 0x0000000080400000, 0x0000000080300000| Updating 
|   4|0x0000000080400000, 0x0000000080500000, 0x0000000080500000|100%| O|  |TAMS 0x0000000080500000, 0x0000000080400000| Updating 
|   5|0x0000000080500000, 0x0000000080600000, 0x0000000080600000|100%| O|  |TAMS 0x0000000080600000, 0x0000000080500000| Updating 
|   6|0x0000000080600000, 0x0000000080700000, 0x0000000080700000|100%| O|  |TAMS 0x0000000080700000, 0x0000000080600000| Updating 
|   7|0x0000000080700000, 0x0000000080800000, 0x0000000080800000|100%| O|  |TAMS 0x0000000080800000, 0x0000000080700000| Updating 
|   8|0x0000000080800000, 0x0000000080900000, 0x0000000080900000|100%| O|  |TAMS 0x0000000080900000, 0x0000000080800000| Updating 
|   9|0x0000000080900000, 0x0000000080a00000, 0x0000000080a00000|100%| O|  |TAMS 0x0000000080a00000, 0x0000000080900000| Updating 
|  10|0x0000000080a00000, 0x0000000080b00000, 0x0000000080b00000|100%| O|  |TAMS 0x0000000080b00000, 0x0000000080a00000| Updating 
|  11|0x0000000080b00000, 0x0000000080c00000, 0x0000000080c00000|100%| O|  |TAMS 0x0000000080c00000, 0x0000000080b00000| Updating 
|  12|0x0000000080c00000, 0x0000000080d00000, 0x0000000080d00000|100%| O|  |TAMS 0x0000000080d00000, 0x0000000080c00000| Updating 
|  13|0x0000000080d00000, 0x0000000080e00000, 0x0000000080e00000|100%| O|  |TAMS 0x0000000080e00000, 0x0000000080d00000| Updating 
|  14|0x0000000080e00000, 0x0000000080f00000, 0x0000000080f00000|100%| O|  |TAMS 0x0000000080f00000, 0x0000000080e00000| Updating 
|  15|0x0000000080f00000, 0x0000000081000000, 0x0000000081000000|100%| O|  |TAMS 0x0000000081000000, 0x0000000080f00000| Updating 
|  16|0x0000000081000000, 0x0000000081100000, 0x0000000081100000|100%| O|  |TAMS 0x0000000081100000, 0x0000000081000000| Updating 
|  17|0x0000000081100000, 0x0000000081200000, 0x0000000081200000|100%| O|  |TAMS 0x0000000081200000, 0x0000000081100000| Updating 
|  18|0x0000000081200000, 0x0000000081300000, 0x0000000081300000|100%| O|  |TAMS 0x0000000081300000, 0x0000000081200000| Updating 
|  19|0x0000000081300000, 0x0000000081400000, 0x0000000081400000|100%| O|  |TAMS 0x0000000081400000, 0x0000000081300000| Updating 
|  20|0x0000000081400000, 0x0000000081500000, 0x0000000081500000|100%| O|  |TAMS 0x0000000081500000, 0x0000000081400000| Updating 
|  21|0x0000000081500000, 0x0000000081600000, 0x0000000081600000|100%| O|  |TAMS 0x0000000081600000, 0x0000000081500000| Updating 
|  22|0x0000000081600000, 0x0000000081700000, 0x0000000081700000|100%| O|  |TAMS 0x0000000081700000, 0x0000000081600000| Updating 
|  23|0x0000000081700000, 0x0000000081800000, 0x0000000081800000|100%| O|  |TAMS 0x0000000081800000, 0x0000000081700000| Updating 
|  24|0x0000000081800000, 0x0000000081900000, 0x0000000081900000|100%| O|  |TAMS 0x0000000081900000, 0x0000000081800000| Updating 
|  25|0x0000000081900000, 0x0000000081a00000, 0x0000000081a00000|100%| O|  |TAMS 0x0000000081a00000, 0x0000000081900000| Updating 
|  26|0x0000000081a00000, 0x0000000081b00000, 0x0000000081b00000|100%| O|  |TAMS 0x0000000081b00000, 0x0000000081a00000| Updating 
|  27|0x0000000081b00000, 0x0000000081c00000, 0x0000000081c00000|100%|HS|  |TAMS 0x0000000081c00000, 0x0000000081b00000| Complete 
|  28|0x0000000081c00000, 0x0000000081d00000, 0x0000000081d00000|100%|HS|  |TAMS 0x0000000081d00000, 0x0000000081c00000| Complete 
|  29|0x0000000081d00000, 0x0000000081e00000, 0x0000000081e00000|100%|HC|  |TAMS 0x0000000081e00000, 0x0000000081d00000| Complete 
|  30|0x0000000081e00000, 0x0000000081f00000, 0x0000000081f00000|100%|HC|  |TAMS 0x0000000081f00000, 0x0000000081e00000| Complete 
|  31|0x0000000081f00000, 0x0000000082000000, 0x0000000082000000|100%| O|  |TAMS 0x0000000082000000, 0x0000000081f00000| Updating 
|  32|0x0000000082000000, 0x0000000082100000, 0x0000000082100000|100%| O|  |TAMS 0x0000000082100000, 0x0000000082000000| Updating 
|  33|0x0000000082100000, 0x0000000082200000, 0x0000000082200000|100%| O|  |TAMS 0x0000000082200000, 0x0000000082100000| Updating 
|  34|0x0000000082200000, 0x0000000082300000, 0x0000000082300000|100%| O|  |TAMS 0x0000000082300000, 0x0000000082200000| Updating 
|  35|0x0000000082300000, 0x0000000082400000, 0x0000000082400000|100%| O|  |TAMS 0x0000000082400000, 0x0000000082300000| Updating 
|  36|0x0000000082400000, 0x0000000082500000, 0x0000000082500000|100%| O|  |TAMS 0x0000000082500000, 0x0000000082400000| Updating 
|  37|0x0000000082500000, 0x0000000082600000, 0x0000000082600000|100%| O|  |TAMS 0x0000000082600000, 0x0000000082500000| Updating 
|  38|0x0000000082600000, 0x0000000082700000, 0x0000000082700000|100%| O|  |TAMS 0x0000000082700000, 0x0000000082600000| Updating 
|  39|0x0000000082700000, 0x0000000082800000, 0x0000000082800000|100%| O|  |TAMS 0x0000000082800000, 0x0000000082700000| Updating 
|  40|0x0000000082800000, 0x0000000082900000, 0x0000000082900000|100%| O|  |TAMS 0x0000000082900000, 0x0000000082800000| Updating 
|  41|0x0000000082900000, 0x0000000082a00000, 0x0000000082a00000|100%| O|  |TAMS 0x0000000082a00000, 0x0000000082900000| Updating 
|  42|0x0000000082a00000, 0x0000000082b00000, 0x0000000082b00000|100%| O|  |TAMS 0x0000000082b00000, 0x0000000082a00000| Updating 
|  43|0x0000000082b00000, 0x0000000082c00000, 0x0000000082c00000|100%| O|  |TAMS 0x0000000082c00000, 0x0000000082b00000| Updating 
|  44|0x0000000082c00000, 0x0000000082d00000, 0x0000000082d00000|100%|HS|  |TAMS 0x0000000082d00000, 0x0000000082c00000| Complete 
|  45|0x0000000082d00000, 0x0000000082e00000, 0x0000000082e00000|100%|HS|  |TAMS 0x0000000082e00000, 0x0000000082d00000| Complete 
|  46|0x0000000082e00000, 0x0000000082f00000, 0x0000000082f00000|100%| O|  |TAMS 0x0000000082f00000, 0x0000000082e00000| Updating 
|  47|0x0000000082f00000, 0x0000000083000000, 0x0000000083000000|100%| O|  |TAMS 0x0000000083000000, 0x0000000082f00000| Updating 
|  48|0x0000000083000000, 0x0000000083100000, 0x0000000083100000|100%| O|  |TAMS 0x0000000083100000, 0x0000000083000000| Updating 
|  49|0x0000000083100000, 0x0000000083200000, 0x0000000083200000|100%| O|  |TAMS 0x0000000083200000, 0x0000000083100000| Updating 
|  50|0x0000000083200000, 0x0000000083300000, 0x0000000083300000|100%| O|  |TAMS 0x0000000083300000, 0x0000000083200000| Updating 
|  51|0x0000000083300000, 0x0000000083400000, 0x0000000083400000|100%| O|  |TAMS 0x0000000083400000, 0x0000000083300000| Updating 
|  52|0x0000000083400000, 0x0000000083500000, 0x0000000083500000|100%| O|  |TAMS 0x0000000083500000, 0x0000000083400000| Updating 
|  53|0x0000000083500000, 0x0000000083600000, 0x0000000083600000|100%| O|  |TAMS 0x0000000083600000, 0x0000000083500000| Updating 
|  54|0x0000000083600000, 0x0000000083700000, 0x0000000083700000|100%|HS|  |TAMS 0x0000000083700000, 0x0000000083600000| Complete 
|  55|0x0000000083700000, 0x0000000083800000, 0x0000000083800000|100%|HC|  |TAMS 0x0000000083800000, 0x0000000083700000| Complete 
|  56|0x0000000083800000, 0x0000000083900000, 0x0000000083900000|100%| O|  |TAMS 0x0000000083900000, 0x0000000083800000| Updating 
|  57|0x0000000083900000, 0x0000000083a00000, 0x0000000083a00000|100%| O|  |TAMS 0x0000000083a00000, 0x0000000083900000| Updating 
|  58|0x0000000083a00000, 0x0000000083b00000, 0x0000000083b00000|100%| O|  |TAMS 0x0000000083b00000, 0x0000000083a00000| Updating 
|  59|0x0000000083b00000, 0x0000000083c00000, 0x0000000083c00000|100%| O|  |TAMS 0x0000000083c00000, 0x0000000083b00000| Updating 
|  60|0x0000000083c00000, 0x0000000083d00000, 0x0000000083d00000|100%| O|  |TAMS 0x0000000083d00000, 0x0000000083c00000| Updating 
|  61|0x0000000083d00000, 0x0000000083e00000, 0x0000000083e00000|100%| O|  |TAMS 0x0000000083e00000, 0x0000000083d00000| Updating 
|  62|0x0000000083e00000, 0x0000000083f00000, 0x0000000083f00000|100%| O|  |TAMS 0x0000000083f00000, 0x0000000083e00000| Updating 
|  63|0x0000000083f00000, 0x0000000084000000, 0x0000000084000000|100%| O|  |TAMS 0x0000000084000000, 0x0000000083f00000| Updating 
|  64|0x0000000084000000, 0x0000000084100000, 0x0000000084100000|100%| O|  |TAMS 0x0000000084100000, 0x0000000084000000| Updating 
|  65|0x0000000084100000, 0x0000000084200000, 0x0000000084200000|100%| O|  |TAMS 0x0000000084200000, 0x0000000084100000| Updating 
|  66|0x0000000084200000, 0x0000000084300000, 0x0000000084300000|100%| O|  |TAMS 0x0000000084300000, 0x0000000084200000| Updating 
|  67|0x0000000084300000, 0x0000000084400000, 0x0000000084400000|100%| O|  |TAMS 0x0000000084400000, 0x0000000084300000| Updating 
|  68|0x0000000084400000, 0x0000000084500000, 0x0000000084500000|100%| O|  |TAMS 0x0000000084500000, 0x0000000084400000| Updating 
|  69|0x0000000084500000, 0x0000000084600000, 0x0000000084600000|100%| O|  |TAMS 0x0000000084600000, 0x0000000084500000| Updating 
|  70|0x0000000084600000, 0x0000000084700000, 0x0000000084700000|100%| O|  |TAMS 0x0000000084700000, 0x0000000084600000| Updating 
|  71|0x0000000084700000, 0x0000000084800000, 0x0000000084800000|100%| O|  |TAMS 0x0000000084800000, 0x0000000084700000| Updating 
|  72|0x0000000084800000, 0x0000000084900000, 0x0000000084900000|100%| O|  |TAMS 0x0000000084900000, 0x0000000084800000| Updating 
|  73|0x0000000084900000, 0x0000000084a00000, 0x0000000084a00000|100%| O|  |TAMS 0x0000000084a00000, 0x0000000084900000| Updating 
|  74|0x0000000084a00000, 0x0000000084b00000, 0x0000000084b00000|100%| O|  |TAMS 0x0000000084b00000, 0x0000000084a00000| Updating 
|  75|0x0000000084b00000, 0x0000000084c00000, 0x0000000084c00000|100%| O|  |TAMS 0x0000000084c00000, 0x0000000084b00000| Updating 
|  76|0x0000000084c00000, 0x0000000084d00000, 0x0000000084d00000|100%|HS|  |TAMS 0x0000000084d00000, 0x0000000084c00000| Complete 
|  77|0x0000000084d00000, 0x0000000084e00000, 0x0000000084e00000|100%|HS|  |TAMS 0x0000000084e00000, 0x0000000084d00000| Complete 
|  78|0x0000000084e00000, 0x0000000084f00000, 0x0000000084f00000|100%|HC|  |TAMS 0x0000000084f00000, 0x0000000084e00000| Complete 
|  79|0x0000000084f00000, 0x0000000085000000, 0x0000000085000000|100%|HC|  |TAMS 0x0000000085000000, 0x0000000084f00000| Complete 
|  80|0x0000000085000000, 0x0000000085100000, 0x0000000085100000|100%| O|  |TAMS 0x0000000085100000, 0x0000000085000000| Updating 
|  81|0x0000000085100000, 0x0000000085200000, 0x0000000085200000|100%| O|  |TAMS 0x0000000085200000, 0x0000000085100000| Updating 
|  82|0x0000000085200000, 0x0000000085300000, 0x0000000085300000|100%| O|  |TAMS 0x0000000085300000, 0x0000000085200000| Updating 
|  83|0x0000000085300000, 0x0000000085400000, 0x0000000085400000|100%| O|  |TAMS 0x0000000085400000, 0x0000000085300000| Updating 
|  84|0x0000000085400000, 0x0000000085500000, 0x0000000085500000|100%| O|  |TAMS 0x0000000085500000, 0x0000000085400000| Updating 
|  85|0x0000000085500000, 0x0000000085600000, 0x0000000085600000|100%| O|  |TAMS 0x0000000085600000, 0x0000000085500000| Updating 
|  86|0x0000000085600000, 0x0000000085700000, 0x0000000085700000|100%| O|  |TAMS 0x0000000085700000, 0x0000000085600000| Updating 
|  87|0x0000000085700000, 0x0000000085800000, 0x0000000085800000|100%| O|  |TAMS 0x0000000085800000, 0x0000000085700000| Updating 
|  88|0x0000000085800000, 0x0000000085900000, 0x0000000085900000|100%|HS|  |TAMS 0x0000000085900000, 0x0000000085800000| Complete 
|  89|0x0000000085900000, 0x0000000085a00000, 0x0000000085a00000|100%|HS|  |TAMS 0x0000000085a00000, 0x0000000085900000| Complete 
|  90|0x0000000085a00000, 0x0000000085b00000, 0x0000000085b00000|100%|HS|  |TAMS 0x0000000085b00000, 0x0000000085a00000| Complete 
|  91|0x0000000085b00000, 0x0000000085c00000, 0x0000000085c00000|100%|HC|  |TAMS 0x0000000085c00000, 0x0000000085b00000| Complete 
|  92|0x0000000085c00000, 0x0000000085d00000, 0x0000000085d00000|100%|HC|  |TAMS 0x0000000085d00000, 0x0000000085c00000| Complete 
|  93|0x0000000085d00000, 0x0000000085e00000, 0x0000000085e00000|100%| O|  |TAMS 0x0000000085e00000, 0x0000000085d00000| Updating 
|  94|0x0000000085e00000, 0x0000000085f00000, 0x0000000085f00000|100%| O|  |TAMS 0x0000000085f00000, 0x0000000085e00000| Updating 
|  95|0x0000000085f00000, 0x0000000086000000, 0x0000000086000000|100%| O|  |TAMS 0x0000000086000000, 0x0000000085f00000| Updating 
|  96|0x0000000086000000, 0x0000000086100000, 0x0000000086100000|100%| O|  |TAMS 0x0000000086100000, 0x0000000086000000| Updating 
|  97|0x0000000086100000, 0x0000000086200000, 0x0000000086200000|100%| O|  |TAMS 0x0000000086200000, 0x0000000086100000| Updating 
|  98|0x0000000086200000, 0x0000000086300000, 0x0000000086300000|100%| O|  |TAMS 0x0000000086300000, 0x0000000086200000| Updating 
|  99|0x0000000086300000, 0x0000000086400000, 0x0000000086400000|100%| O|  |TAMS 0x0000000086400000, 0x0000000086300000| Updating 
| 100|0x0000000086400000, 0x0000000086500000, 0x0000000086500000|100%| O|  |TAMS 0x0000000086500000, 0x0000000086400000| Updating 
| 101|0x0000000086500000, 0x0000000086600000, 0x0000000086600000|100%| O|  |TAMS 0x0000000086600000, 0x0000000086500000| Updating 
| 102|0x0000000086600000, 0x0000000086700000, 0x0000000086700000|100%| O|  |TAMS 0x0000000086700000, 0x0000000086600000| Updating 
| 103|0x0000000086700000, 0x0000000086800000, 0x0000000086800000|100%| O|  |TAMS 0x0000000086800000, 0x0000000086700000| Updating 
| 104|0x0000000086800000, 0x0000000086900000, 0x0000000086900000|100%| O|  |TAMS 0x0000000086900000, 0x0000000086800000| Updating 
| 105|0x0000000086900000, 0x0000000086a00000, 0x0000000086a00000|100%| O|  |TAMS 0x0000000086a00000, 0x0000000086900000| Updating 
| 106|0x0000000086a00000, 0x0000000086b00000, 0x0000000086b00000|100%| O|  |TAMS 0x0000000086b00000, 0x0000000086a00000| Updating 
| 107|0x0000000086b00000, 0x0000000086c00000, 0x0000000086c00000|100%| O|  |TAMS 0x0000000086c00000, 0x0000000086b00000| Updating 
| 108|0x0000000086c00000, 0x0000000086d00000, 0x0000000086d00000|100%| O|  |TAMS 0x0000000086d00000, 0x0000000086c00000| Updating 
| 109|0x0000000086d00000, 0x0000000086e00000, 0x0000000086e00000|100%| O|  |TAMS 0x0000000086e00000, 0x0000000086d00000| Updating 
| 110|0x0000000086e00000, 0x0000000086f00000, 0x0000000086f00000|100%| O|  |TAMS 0x0000000086f00000, 0x0000000086e00000| Updating 
| 111|0x0000000086f00000, 0x0000000087000000, 0x0000000087000000|100%| O|  |TAMS 0x0000000087000000, 0x0000000086f00000| Updating 
| 112|0x0000000087000000, 0x0000000087100000, 0x0000000087100000|100%| O|  |TAMS 0x0000000087100000, 0x0000000087000000| Updating 
| 113|0x0000000087100000, 0x0000000087200000, 0x0000000087200000|100%| O|  |TAMS 0x0000000087200000, 0x0000000087100000| Updating 
| 114|0x0000000087200000, 0x0000000087300000, 0x0000000087300000|100%| O|  |TAMS 0x0000000087300000, 0x0000000087200000| Updating 
| 115|0x0000000087300000, 0x0000000087400000, 0x0000000087400000|100%| O|  |TAMS 0x0000000087400000, 0x0000000087300000| Updating 
| 116|0x0000000087400000, 0x0000000087500000, 0x0000000087500000|100%| O|  |TAMS 0x0000000087500000, 0x0000000087400000| Updating 
| 117|0x0000000087500000, 0x0000000087600000, 0x0000000087600000|100%| O|  |TAMS 0x0000000087600000, 0x0000000087500000| Updating 
| 118|0x0000000087600000, 0x0000000087700000, 0x0000000087700000|100%| O|  |TAMS 0x0000000087700000, 0x0000000087600000| Updating 
| 119|0x0000000087700000, 0x0000000087800000, 0x0000000087800000|100%| O|  |TAMS 0x0000000087800000, 0x0000000087700000| Updating 
| 120|0x0000000087800000, 0x0000000087900000, 0x0000000087900000|100%| O|  |TAMS 0x0000000087900000, 0x0000000087800000| Updating 
| 121|0x0000000087900000, 0x0000000087a00000, 0x0000000087a00000|100%| O|  |TAMS 0x0000000087a00000, 0x0000000087900000| Updating 
| 122|0x0000000087a00000, 0x0000000087b00000, 0x0000000087b00000|100%| O|  |TAMS 0x0000000087b00000, 0x0000000087a00000| Updating 
| 123|0x0000000087b00000, 0x0000000087c00000, 0x0000000087c00000|100%| O|  |TAMS 0x0000000087c00000, 0x0000000087b00000| Updating 
| 124|0x0000000087c00000, 0x0000000087d00000, 0x0000000087d00000|100%| O|  |TAMS 0x0000000087d00000, 0x0000000087c00000| Updating 
| 125|0x0000000087d00000, 0x0000000087e00000, 0x0000000087e00000|100%| O|  |TAMS 0x0000000087e00000, 0x0000000087d00000| Updating 
| 126|0x0000000087e00000, 0x0000000087f00000, 0x0000000087f00000|100%| O|  |TAMS 0x0000000087f00000, 0x0000000087e00000| Updating 
| 127|0x0000000087f00000, 0x0000000088000000, 0x0000000088000000|100%| O|  |TAMS 0x0000000088000000, 0x0000000087f00000| Updating 
| 128|0x0000000088000000, 0x0000000088100000, 0x0000000088100000|100%| O|  |TAMS 0x0000000088100000, 0x0000000088000000| Updating 
| 129|0x0000000088100000, 0x0000000088200000, 0x0000000088200000|100%| O|  |TAMS 0x0000000088200000, 0x0000000088100000| Updating 
| 130|0x0000000088200000, 0x0000000088300000, 0x0000000088300000|100%| O|  |TAMS 0x0000000088300000, 0x0000000088200000| Updating 
| 131|0x0000000088300000, 0x0000000088400000, 0x0000000088400000|100%| O|  |TAMS 0x0000000088400000, 0x0000000088300000| Updating 
| 132|0x0000000088400000, 0x0000000088500000, 0x0000000088500000|100%| O|  |TAMS 0x0000000088500000, 0x0000000088400000| Updating 
| 133|0x0000000088500000, 0x0000000088600000, 0x0000000088600000|100%| O|  |TAMS 0x0000000088600000, 0x0000000088500000| Updating 
| 134|0x0000000088600000, 0x0000000088700000, 0x0000000088700000|100%| O|  |TAMS 0x0000000088700000, 0x0000000088600000| Updating 
| 135|0x0000000088700000, 0x0000000088800000, 0x0000000088800000|100%| O|  |TAMS 0x0000000088800000, 0x0000000088700000| Updating 
| 136|0x0000000088800000, 0x0000000088900000, 0x0000000088900000|100%| O|  |TAMS 0x0000000088900000, 0x0000000088800000| Updating 
| 137|0x0000000088900000, 0x0000000088a00000, 0x0000000088a00000|100%| O|  |TAMS 0x0000000088a00000, 0x0000000088900000| Updating 
| 138|0x0000000088a00000, 0x0000000088b00000, 0x0000000088b00000|100%| O|  |TAMS 0x0000000088b00000, 0x0000000088a00000| Updating 
| 139|0x0000000088b00000, 0x0000000088c00000, 0x0000000088c00000|100%| O|  |TAMS 0x0000000088c00000, 0x0000000088b00000| Updating 
| 140|0x0000000088c00000, 0x0000000088c96800, 0x0000000088d00000| 58%| O|  |TAMS 0x0000000088c96800, 0x0000000088c00000| Updating 
| 141|0x0000000088d00000, 0x0000000088d00000, 0x0000000088e00000|  0%| F|  |TAMS 0x0000000088d00000, 0x0000000088d00000| Untracked 
| 142|0x0000000088e00000, 0x0000000088e00000, 0x0000000088f00000|  0%| F|  |TAMS 0x0000000088e00000, 0x0000000088e00000| Untracked 
| 143|0x0000000088f00000, 0x0000000088f00000, 0x0000000089000000|  0%| F|  |TAMS 0x0000000088f00000, 0x0000000088f00000| Untracked 
| 144|0x0000000089000000, 0x0000000089000000, 0x0000000089100000|  0%| F|  |TAMS 0x0000000089000000, 0x0000000089000000| Untracked 
| 145|0x0000000089100000, 0x0000000089100000, 0x0000000089200000|  0%| F|  |TAMS 0x0000000089100000, 0x0000000089100000| Untracked 
| 146|0x0000000089200000, 0x0000000089200000, 0x0000000089300000|  0%| F|  |TAMS 0x0000000089200000, 0x0000000089200000| Untracked 
| 147|0x0000000089300000, 0x0000000089300000, 0x0000000089400000|  0%| F|  |TAMS 0x0000000089300000, 0x0000000089300000| Untracked 
| 148|0x0000000089400000, 0x0000000089400000, 0x0000000089500000|  0%| F|  |TAMS 0x0000000089400000, 0x0000000089400000| Untracked 
| 149|0x0000000089500000, 0x0000000089500000, 0x0000000089600000|  0%| F|  |TAMS 0x0000000089500000, 0x0000000089500000| Untracked 
| 150|0x0000000089600000, 0x0000000089600000, 0x0000000089700000|  0%| F|  |TAMS 0x0000000089600000, 0x0000000089600000| Untracked 
| 151|0x0000000089700000, 0x0000000089700000, 0x0000000089800000|  0%| F|  |TAMS 0x0000000089700000, 0x0000000089700000| Untracked 
| 152|0x0000000089800000, 0x0000000089800000, 0x0000000089900000|  0%| F|  |TAMS 0x0000000089800000, 0x0000000089800000| Untracked 
| 153|0x0000000089900000, 0x0000000089900000, 0x0000000089a00000|  0%| F|  |TAMS 0x0000000089900000, 0x0000000089900000| Untracked 
| 154|0x0000000089a00000, 0x0000000089a00000, 0x0000000089b00000|  0%| F|  |TAMS 0x0000000089a00000, 0x0000000089a00000| Untracked 
| 155|0x0000000089b00000, 0x0000000089b00000, 0x0000000089c00000|  0%| F|  |TAMS 0x0000000089b00000, 0x0000000089b00000| Untracked 
| 156|0x0000000089c00000, 0x0000000089c00000, 0x0000000089d00000|  0%| F|  |TAMS 0x0000000089c00000, 0x0000000089c00000| Untracked 
| 157|0x0000000089d00000, 0x0000000089d00000, 0x0000000089e00000|  0%| F|  |TAMS 0x0000000089d00000, 0x0000000089d00000| Untracked 
| 158|0x0000000089e00000, 0x0000000089e00000, 0x0000000089f00000|  0%| F|  |TAMS 0x0000000089e00000, 0x0000000089e00000| Untracked 
| 159|0x0000000089f00000, 0x0000000089f00000, 0x000000008a000000|  0%| F|  |TAMS 0x0000000089f00000, 0x0000000089f00000| Untracked 
| 160|0x000000008a000000, 0x000000008a000000, 0x000000008a100000|  0%| F|  |TAMS 0x000000008a000000, 0x000000008a000000| Untracked 
| 161|0x000000008a100000, 0x000000008a100000, 0x000000008a200000|  0%| F|  |TAMS 0x000000008a100000, 0x000000008a100000| Untracked 
| 162|0x000000008a200000, 0x000000008a200000, 0x000000008a300000|  0%| F|  |TAMS 0x000000008a200000, 0x000000008a200000| Untracked 
| 163|0x000000008a300000, 0x000000008a300000, 0x000000008a400000|  0%| F|  |TAMS 0x000000008a300000, 0x000000008a300000| Untracked 
| 164|0x000000008a400000, 0x000000008a400000, 0x000000008a500000|  0%| F|  |TAMS 0x000000008a400000, 0x000000008a400000| Untracked 
| 165|0x000000008a500000, 0x000000008a500000, 0x000000008a600000|  0%| F|  |TAMS 0x000000008a500000, 0x000000008a500000| Untracked 
| 166|0x000000008a600000, 0x000000008a600000, 0x000000008a700000|  0%| F|  |TAMS 0x000000008a600000, 0x000000008a600000| Untracked 
| 167|0x000000008a700000, 0x000000008a700000, 0x000000008a800000|  0%| F|  |TAMS 0x000000008a700000, 0x000000008a700000| Untracked 
| 168|0x000000008a800000, 0x000000008a800000, 0x000000008a900000|  0%| F|  |TAMS 0x000000008a800000, 0x000000008a800000| Untracked 
| 169|0x000000008a900000, 0x000000008a900000, 0x000000008aa00000|  0%| F|  |TAMS 0x000000008a900000, 0x000000008a900000| Untracked 
| 170|0x000000008aa00000, 0x000000008aa00000, 0x000000008ab00000|  0%| F|  |TAMS 0x000000008aa00000, 0x000000008aa00000| Untracked 
| 171|0x000000008ab00000, 0x000000008ab00000, 0x000000008ac00000|  0%| F|  |TAMS 0x000000008ab00000, 0x000000008ab00000| Untracked 
| 172|0x000000008ac00000, 0x000000008ac00000, 0x000000008ad00000|  0%| F|  |TAMS 0x000000008ac00000, 0x000000008ac00000| Untracked 
| 173|0x000000008ad00000, 0x000000008ad00000, 0x000000008ae00000|  0%| F|  |TAMS 0x000000008ad00000, 0x000000008ad00000| Untracked 
| 174|0x000000008ae00000, 0x000000008ae00000, 0x000000008af00000|  0%| F|  |TAMS 0x000000008ae00000, 0x000000008ae00000| Untracked 
| 175|0x000000008af00000, 0x000000008af00000, 0x000000008b000000|  0%| F|  |TAMS 0x000000008af00000, 0x000000008af00000| Untracked 
| 176|0x000000008b000000, 0x000000008b000000, 0x000000008b100000|  0%| F|  |TAMS 0x000000008b000000, 0x000000008b000000| Untracked 
| 177|0x000000008b100000, 0x000000008b100000, 0x000000008b200000|  0%| F|  |TAMS 0x000000008b100000, 0x000000008b100000| Untracked 
| 178|0x000000008b200000, 0x000000008b200000, 0x000000008b300000|  0%| F|  |TAMS 0x000000008b200000, 0x000000008b200000| Untracked 
| 179|0x000000008b300000, 0x000000008b300000, 0x000000008b400000|  0%| F|  |TAMS 0x000000008b300000, 0x000000008b300000| Untracked 
| 180|0x000000008b400000, 0x000000008b400000, 0x000000008b500000|  0%| F|  |TAMS 0x000000008b400000, 0x000000008b400000| Untracked 
| 181|0x000000008b500000, 0x000000008b500000, 0x000000008b600000|  0%| F|  |TAMS 0x000000008b500000, 0x000000008b500000| Untracked 
| 182|0x000000008b600000, 0x000000008b600000, 0x000000008b700000|  0%| F|  |TAMS 0x000000008b600000, 0x000000008b600000| Untracked 
| 183|0x000000008b700000, 0x000000008b767de8, 0x000000008b800000| 40%| S|CS|TAMS 0x000000008b700000, 0x000000008b700000| Complete 
| 184|0x000000008b800000, 0x000000008b900000, 0x000000008b900000|100%| S|CS|TAMS 0x000000008b800000, 0x000000008b800000| Complete 
| 185|0x000000008b900000, 0x000000008ba00000, 0x000000008ba00000|100%| S|CS|TAMS 0x000000008b900000, 0x000000008b900000| Complete 
| 186|0x000000008ba00000, 0x000000008ba00000, 0x000000008bb00000|  0%| F|  |TAMS 0x000000008ba00000, 0x000000008ba00000| Untracked 
| 187|0x000000008bb00000, 0x000000008bb00000, 0x000000008bc00000|  0%| F|  |TAMS 0x000000008bb00000, 0x000000008bb00000| Untracked 
| 188|0x000000008bc00000, 0x000000008bc00000, 0x000000008bd00000|  0%| F|  |TAMS 0x000000008bc00000, 0x000000008bc00000| Untracked 
| 189|0x000000008bd00000, 0x000000008bd00000, 0x000000008be00000|  0%| F|  |TAMS 0x000000008bd00000, 0x000000008bd00000| Untracked 
| 190|0x000000008be00000, 0x000000008be00000, 0x000000008bf00000|  0%| F|  |TAMS 0x000000008be00000, 0x000000008be00000| Untracked 
| 191|0x000000008bf00000, 0x000000008bf00000, 0x000000008c000000|  0%| F|  |TAMS 0x000000008bf00000, 0x000000008bf00000| Untracked 
| 192|0x000000008c000000, 0x000000008c000000, 0x000000008c100000|  0%| F|  |TAMS 0x000000008c000000, 0x000000008c000000| Untracked 
| 193|0x000000008c100000, 0x000000008c100000, 0x000000008c200000|  0%| F|  |TAMS 0x000000008c100000, 0x000000008c100000| Untracked 
| 194|0x000000008c200000, 0x000000008c200000, 0x000000008c300000|  0%| F|  |TAMS 0x000000008c200000, 0x000000008c200000| Untracked 
| 195|0x000000008c300000, 0x000000008c300000, 0x000000008c400000|  0%| F|  |TAMS 0x000000008c300000, 0x000000008c300000| Untracked 
| 196|0x000000008c400000, 0x000000008c400000, 0x000000008c500000|  0%| F|  |TAMS 0x000000008c400000, 0x000000008c400000| Untracked 
| 197|0x000000008c500000, 0x000000008c500000, 0x000000008c600000|  0%| F|  |TAMS 0x000000008c500000, 0x000000008c500000| Untracked 
| 198|0x000000008c600000, 0x000000008c600000, 0x000000008c700000|  0%| F|  |TAMS 0x000000008c600000, 0x000000008c600000| Untracked 
| 199|0x000000008c700000, 0x000000008c700000, 0x000000008c800000|  0%| F|  |TAMS 0x000000008c700000, 0x000000008c700000| Untracked 
| 200|0x000000008c800000, 0x000000008c800000, 0x000000008c900000|  0%| F|  |TAMS 0x000000008c800000, 0x000000008c800000| Untracked 
| 201|0x000000008c900000, 0x000000008c900000, 0x000000008ca00000|  0%| F|  |TAMS 0x000000008c900000, 0x000000008c900000| Untracked 
| 202|0x000000008ca00000, 0x000000008ca00000, 0x000000008cb00000|  0%| F|  |TAMS 0x000000008ca00000, 0x000000008ca00000| Untracked 
| 203|0x000000008cb00000, 0x000000008cb00000, 0x000000008cc00000|  0%| F|  |TAMS 0x000000008cb00000, 0x000000008cb00000| Untracked 
| 204|0x000000008cc00000, 0x000000008cc00000, 0x000000008cd00000|  0%| F|  |TAMS 0x000000008cc00000, 0x000000008cc00000| Untracked 
| 205|0x000000008cd00000, 0x000000008cd00000, 0x000000008ce00000|  0%| F|  |TAMS 0x000000008cd00000, 0x000000008cd00000| Untracked 
| 206|0x000000008ce00000, 0x000000008ce00000, 0x000000008cf00000|  0%| F|  |TAMS 0x000000008ce00000, 0x000000008ce00000| Untracked 
| 207|0x000000008cf00000, 0x000000008cf00000, 0x000000008d000000|  0%| F|  |TAMS 0x000000008cf00000, 0x000000008cf00000| Untracked 
| 208|0x000000008d000000, 0x000000008d000000, 0x000000008d100000|  0%| F|  |TAMS 0x000000008d000000, 0x000000008d000000| Untracked 
| 209|0x000000008d100000, 0x000000008d100000, 0x000000008d200000|  0%| F|  |TAMS 0x000000008d100000, 0x000000008d100000| Untracked 
| 210|0x000000008d200000, 0x000000008d200000, 0x000000008d300000|  0%| F|  |TAMS 0x000000008d200000, 0x000000008d200000| Untracked 
| 211|0x000000008d300000, 0x000000008d300000, 0x000000008d400000|  0%| F|  |TAMS 0x000000008d300000, 0x000000008d300000| Untracked 
| 212|0x000000008d400000, 0x000000008d400000, 0x000000008d500000|  0%| F|  |TAMS 0x000000008d400000, 0x000000008d400000| Untracked 
| 213|0x000000008d500000, 0x000000008d500000, 0x000000008d600000|  0%| F|  |TAMS 0x000000008d500000, 0x000000008d500000| Untracked 
| 214|0x000000008d600000, 0x000000008d600000, 0x000000008d700000|  0%| F|  |TAMS 0x000000008d600000, 0x000000008d600000| Untracked 

Card table byte_map: [0x000002dcf21a0000,0x000002dcf25a0000] _byte_map_base: 0x000002dcf1da0000

Marking Bits (Prev, Next): (CMBitMap*) 0x000002dcda672ee8, (CMBitMap*) 0x000002dcda672f20
 Prev Bits: [0x000002dcf29a0000, 0x000002dcf49a0000)
 Next Bits: [0x000002dcf49a0000, 0x000002dcf69a0000)

Polling page: 0x000002dcd9e00000

Metaspace:

Usage:
  Non-class:     94.10 MB capacity,    92.36 MB ( 98%) used,     1.43 MB (  2%) free+waste,   317.25 KB ( <1%) overhead. 
      Class:     14.95 MB capacity,    13.76 MB ( 92%) used,     1.05 MB (  7%) free+waste,   141.38 KB ( <1%) overhead. 
       Both:    109.05 MB capacity,   106.12 MB ( 97%) used,     2.48 MB (  2%) free+waste,   458.63 KB ( <1%) overhead. 

Virtual space:
  Non-class space:       96.00 MB reserved,      94.26 MB ( 98%) committed 
      Class space:      504.00 MB reserved,      15.07 MB (  3%) committed 
             Both:      600.00 MB reserved,     109.33 MB ( 18%) committed 

Chunk freelists:
   Non-Class:  32.00 KB
       Class:  20.00 KB
        Both:  52.00 KB

MaxMetaspaceSize: 512.00 MB
CompressedClassSpaceSize: 504.00 MB
Initial GC threshold: 20.80 MB
Current GC threshold: 182.22 MB
CDS: off

CodeHeap 'non-profiled nmethods': size=120064Kb used=7767Kb max_used=7767Kb free=112296Kb
 bounds [0x000002dcea860000, 0x000002dceb000000, 0x000002dcf1da0000]
CodeHeap 'profiled nmethods': size=120000Kb used=29867Kb max_used=29867Kb free=90132Kb
 bounds [0x000002dce3330000, 0x000002dce5060000, 0x000002dcea860000]
CodeHeap 'non-nmethods': size=5696Kb used=2411Kb max_used=2459Kb free=3284Kb
 bounds [0x000002dce2da0000, 0x000002dce3010000, 0x000002dce3330000]
 total_blobs=15227 nmethods=14296 adapters=843
 compilation: enabled
              stopped_count=0, restarted_count=0
 full_count=0

Compilation events (20 events):
Event: 45.751 Thread 0x000002dcf8e99000 nmethod 14461 0x000002dceaff1210 code [0x000002dceaff1420, 0x000002dceaff1bb8]
Event: 45.751 Thread 0x000002dcf8e99000 14462       4       java.util.AbstractMap::<init> (5 bytes)
Event: 45.752 Thread 0x000002dcf8e99000 nmethod 14462 0x000002dceaff2090 code [0x000002dceaff2220, 0x000002dceaff2278]
Event: 45.752 Thread 0x000002dcf8e99000 14460       4       com.google.common.collect.ImmutableMultimap$1::next (68 bytes)
Event: 45.761 Thread 0x000002dcf8ec9800 14471       3       java.util.LinkedHashMap$LinkedHashIterator::remove (75 bytes)
Event: 45.761 Thread 0x000002dcf8ec9800 nmethod 14471 0x000002dce505a790 code [0x000002dce505a980, 0x000002dce505ad48]
Event: 45.762 Thread 0x000002dcf8e99000 nmethod 14460 0x000002dceaff2390 code [0x000002dceaff25a0, 0x000002dceaff2d38]
Event: 45.762 Thread 0x000002dcf8e99000 14470       4       org.gradle.api.internal.artifacts.transform.DefaultTransformUpstreamDependenciesResolver$2::finalizeIfNotAlready (1 bytes)
Event: 45.763 Thread 0x000002dcf8e99000 nmethod 14470 0x000002dceaff3210 code [0x000002dceaff33a0, 0x000002dceaff33f8]
Event: 45.763 Thread 0x000002dcf8e99000 14469       4       org.gradle.api.internal.attributes.DefaultImmutableAttributes::findEntry (30 bytes)
Event: 45.769 Thread 0x000002dcf8e99000 nmethod 14469 0x000002dceaff3510 code [0x000002dceaff36e0, 0x000002dceaff3b78]
Event: 45.769 Thread 0x000002dcf8e99000 14459       4       org.gradle.internal.component.model.DefaultIvyArtifactName::<init> (34 bytes)
Event: 45.789 Thread 0x000002dcf8e99000 nmethod 14459 0x000002dceaff3f10 code [0x000002dceaff40c0, 0x000002dceaff4b78]
Event: 45.790 Thread 0x000002dcf8e99000 14475       4       org.gradle.internal.snapshot.AbstractIncompleteFileSystemNode$$Lambda$1029/0x000000010096b440::test (10 bytes)
Event: 45.790 Thread 0x000002dcf8e99000 nmethod 14475 0x000002dceaff5010 code [0x000002dceaff51a0, 0x000002dceaff5278]
Event: 45.790 Thread 0x000002dcf8e99000 14473       4       org.gradle.cache.internal.btree.FileBackedBlockStore$BlockImpl::<init> (8 bytes)
Event: 45.794 Thread 0x000002dcf8e99000 nmethod 14473 0x000002dceaff5390 code [0x000002dceaff5520, 0x000002dceaff58b8]
Event: 45.794 Thread 0x000002dcf8e99000 14474       4       org.gradle.cache.internal.btree.BlockPayload::<init> (5 bytes)
Event: 45.794 Thread 0x000002dcf8e99000 nmethod 14474 0x000002dceaff5990 code [0x000002dceaff5b20, 0x000002dceaff5b78]
Event: 45.794 Thread 0x000002dcf8e99000 14472       4       com.google.common.collect.ImmutableListMultimap$Builder::put (7 bytes)

GC Heap History (20 events):
Event: 42.231 GC heap after
{Heap after GC invocations=59 (full 0):
 garbage-first heap   total 220160K, used 128779K [0x0000000080000000, 0x0000000100000000)
  region size 1024K, 5 young (5120K), 5 survivors (5120K)
 Metaspace       used 106670K, capacity 109644K, committed 109908K, reserved 612352K
  class space    used 13893K, capacity 15075K, committed 15180K, reserved 516096K
}
Event: 43.010 GC heap before
{Heap before GC invocations=60 (full 0):
 garbage-first heap   total 220160K, used 158475K [0x0000000080000000, 0x0000000100000000)
  region size 1024K, 32 young (32768K), 5 survivors (5120K)
 Metaspace       used 106846K, capacity 109988K, committed 110164K, reserved 612352K
  class space    used 13908K, capacity 15142K, committed 15180K, reserved 516096K
}
Event: 43.019 GC heap after
{Heap after GC invocations=61 (full 0):
 garbage-first heap   total 220160K, used 131120K [0x0000000080000000, 0x0000000100000000)
  region size 1024K, 5 young (5120K), 5 survivors (5120K)
 Metaspace       used 106846K, capacity 109988K, committed 110164K, reserved 612352K
  class space    used 13908K, capacity 15142K, committed 15180K, reserved 516096K
}
Event: 43.535 GC heap before
{Heap before GC invocations=62 (full 0):
 garbage-first heap   total 220160K, used 170032K [0x0000000080000000, 0x0000000100000000)
  region size 1024K, 37 young (37888K), 5 survivors (5120K)
 Metaspace       used 106961K, capacity 110141K, committed 110420K, reserved 612352K
  class space    used 13909K, capacity 15143K, committed 15180K, reserved 516096K
}
Event: 43.545 GC heap after
{Heap after GC invocations=63 (full 0):
 garbage-first heap   total 220160K, used 133847K [0x0000000080000000, 0x0000000100000000)
  region size 1024K, 5 young (5120K), 5 survivors (5120K)
 Metaspace       used 106961K, capacity 110141K, committed 110420K, reserved 612352K
  class space    used 13909K, capacity 15143K, committed 15180K, reserved 516096K
}
Event: 44.016 GC heap before
{Heap before GC invocations=64 (full 0):
 garbage-first heap   total 220160K, used 170711K [0x0000000080000000, 0x0000000100000000)
  region size 1024K, 35 young (35840K), 5 survivors (5120K)
 Metaspace       used 107111K, capacity 110223K, committed 110420K, reserved 612352K
  class space    used 13921K, capacity 15156K, committed 15180K, reserved 516096K
}
Event: 44.026 GC heap after
{Heap after GC invocations=65 (full 0):
 garbage-first heap   total 220160K, used 136968K [0x0000000080000000, 0x0000000100000000)
  region size 1024K, 6 young (6144K), 6 survivors (6144K)
 Metaspace       used 107111K, capacity 110223K, committed 110420K, reserved 612352K
  class space    used 13921K, capacity 15156K, committed 15180K, reserved 516096K
}
Event: 44.063 GC heap before
{Heap before GC invocations=65 (full 0):
 garbage-first heap   total 220160K, used 145160K [0x0000000080000000, 0x0000000100000000)
  region size 1024K, 10 young (10240K), 6 survivors (6144K)
 Metaspace       used 107111K, capacity 110223K, committed 110420K, reserved 612352K
  class space    used 13921K, capacity 15156K, committed 15180K, reserved 516096K
}
Event: 44.070 GC heap after
{Heap after GC invocations=66 (full 0):
 garbage-first heap   total 220160K, used 137873K [0x0000000080000000, 0x0000000100000000)
  region size 1024K, 2 young (2048K), 2 survivors (2048K)
 Metaspace       used 107111K, capacity 110223K, committed 110420K, reserved 612352K
  class space    used 13921K, capacity 15156K, committed 15180K, reserved 516096K
}
Event: 44.278 GC heap before
{Heap before GC invocations=66 (full 0):
 garbage-first heap   total 220160K, used 151185K [0x0000000080000000, 0x0000000100000000)
  region size 1024K, 16 young (16384K), 2 survivors (2048K)
 Metaspace       used 107111K, capacity 110223K, committed 110420K, reserved 612352K
  class space    used 13921K, capacity 15156K, committed 15180K, reserved 516096K
}
Event: 44.282 GC heap after
{Heap after GC invocations=67 (full 0):
 garbage-first heap   total 220160K, used 137866K [0x0000000080000000, 0x0000000100000000)
  region size 1024K, 2 young (2048K), 2 survivors (2048K)
 Metaspace       used 107111K, capacity 110223K, committed 110420K, reserved 612352K
  class space    used 13921K, capacity 15156K, committed 15180K, reserved 516096K
}
Event: 44.582 GC heap before
{Heap before GC invocations=68 (full 0):
 garbage-first heap   total 220160K, used 155274K [0x0000000080000000, 0x0000000100000000)
  region size 1024K, 20 young (20480K), 2 survivors (2048K)
 Metaspace       used 107551K, capacity 110648K, committed 110804K, reserved 612352K
  class space    used 13976K, capacity 15190K, committed 15308K, reserved 516096K
}
Event: 44.587 GC heap after
{Heap after GC invocations=69 (full 0):
 garbage-first heap   total 220160K, used 139640K [0x0000000080000000, 0x0000000100000000)
  region size 1024K, 3 young (3072K), 3 survivors (3072K)
 Metaspace       used 107551K, capacity 110648K, committed 110804K, reserved 612352K
  class space    used 13976K, capacity 15190K, committed 15308K, reserved 516096K
}
Event: 44.842 GC heap before
{Heap before GC invocations=69 (full 0):
 garbage-first heap   total 220160K, used 153976K [0x0000000080000000, 0x0000000100000000)
  region size 1024K, 18 young (18432K), 3 survivors (3072K)
 Metaspace       used 108246K, capacity 111335K, committed 111572K, reserved 614400K
  class space    used 14065K, capacity 15266K, committed 15308K, reserved 516096K
}
Event: 44.848 GC heap after
{Heap after GC invocations=70 (full 0):
 garbage-first heap   total 220160K, used 141380K [0x0000000080000000, 0x0000000100000000)
  region size 1024K, 2 young (2048K), 2 survivors (2048K)
 Metaspace       used 108246K, capacity 111335K, committed 111572K, reserved 614400K
  class space    used 14065K, capacity 15266K, committed 15308K, reserved 516096K
}
Event: 45.227 GC heap before
{Heap before GC invocations=70 (full 0):
 garbage-first heap   total 220160K, used 157764K [0x0000000080000000, 0x0000000100000000)
  region size 1024K, 19 young (19456K), 2 survivors (2048K)
 Metaspace       used 108619K, capacity 111665K, committed 111956K, reserved 614400K
  class space    used 14089K, capacity 15308K, committed 15436K, reserved 516096K
}
Event: 45.233 GC heap after
{Heap after GC invocations=71 (full 0):
 garbage-first heap   total 220160K, used 144137K [0x0000000080000000, 0x0000000100000000)
  region size 1024K, 3 young (3072K), 3 survivors (3072K)
 Metaspace       used 108619K, capacity 111665K, committed 111956K, reserved 614400K
  class space    used 14089K, capacity 15308K, committed 15436K, reserved 516096K
}
Event: 45.363 GC heap before
{Heap before GC invocations=72 (full 0):
 garbage-first heap   total 220160K, used 150281K [0x0000000080000000, 0x0000000100000000)
  region size 1024K, 11 young (11264K), 3 survivors (3072K)
 Metaspace       used 108650K, capacity 111668K, committed 111956K, reserved 614400K
  class space    used 14089K, capacity 15308K, committed 15436K, reserved 516096K
}
Event: 45.368 GC heap after
{Heap after GC invocations=73 (full 0):
 garbage-first heap   total 220160K, used 144559K [0x0000000080000000, 0x0000000100000000)
  region size 1024K, 1 young (1024K), 1 survivors (1024K)
 Metaspace       used 108650K, capacity 111668K, committed 111956K, reserved 614400K
  class space    used 14089K, capacity 15308K, committed 15436K, reserved 516096K
}
Event: 45.818 GC heap before
{Heap before GC invocations=73 (full 0):
 garbage-first heap   total 220160K, used 180399K [0x0000000080000000, 0x0000000100000000)
  region size 1024K, 29 young (29696K), 1 survivors (1024K)
 Metaspace       used 108665K, capacity 111668K, committed 111956K, reserved 614400K
  class space    used 14089K, capacity 15308K, committed 15436K, reserved 516096K
}

Deoptimization events (20 events):
Event: 45.279 Thread 0x000002dcfd9d4800 Uncommon trap: trap_request=0xffffff4d fr.pc=0x000002dceaada5a0 relative=0x0000000000000260
Event: 45.279 Thread 0x000002dcfd9d4800 Uncommon trap: reason=unstable_if action=reinterpret pc=0x000002dceaada5a0 method=org.gradle.internal.snapshot.PathUtil.equalChars(CCLorg/gradle/internal/snapshot/CaseSensitivity;)Z @ 40 c2
Event: 45.279 Thread 0x000002dcfd9d4800 DEOPT PACKING pc=0x000002dceaada5a0 sp=0x000000f6c76fb9a0
Event: 45.279 Thread 0x000002dcfd9d4800 DEOPT UNPACKING pc=0x000002dce2da85af sp=0x000000f6c76fb930 mode 2
Event: 45.284 Thread 0x000002dcfd9d4800 DEOPT PACKING pc=0x000002dce5037e5a sp=0x000000f6c76fc020
Event: 45.284 Thread 0x000002dcfd9d4800 DEOPT UNPACKING pc=0x000002dce2de9d0e sp=0x000000f6c76fb540 mode 0
Event: 45.430 Thread 0x000002dcfd9d9800 Uncommon trap: trap_request=0xffffffd6 fr.pc=0x000002dceafd945c relative=0x0000000000001cdc
Event: 45.430 Thread 0x000002dcfd7bd000 Uncommon trap: trap_request=0xffffffd6 fr.pc=0x000002dceafd945c relative=0x0000000000001cdc
Event: 45.430 Thread 0x000002dcfd7bd000 Uncommon trap: reason=array_check action=maybe_recompile pc=0x000002dceafd945c method=java.util.TimSort.reverseRange([Ljava/lang/Object;II)V @ 27 c2
Event: 45.430 Thread 0x000002dcfd7bd000 DEOPT PACKING pc=0x000002dceafd945c sp=0x000000f6c62fcdf0
Event: 45.430 Thread 0x000002dcfd7bd000 DEOPT UNPACKING pc=0x000002dce2da85af sp=0x000000f6c62fcc40 mode 2
Event: 45.430 Thread 0x000002dcfd9d9800 Uncommon trap: reason=array_check action=maybe_recompile pc=0x000002dceafd945c method=java.util.TimSort.reverseRange([Ljava/lang/Object;II)V @ 27 c2
Event: 45.430 Thread 0x000002dcfd9d9800 DEOPT PACKING pc=0x000002dceafd945c sp=0x000000f6c7efc6f0
Event: 45.430 Thread 0x000002dcfd9d9800 DEOPT UNPACKING pc=0x000002dce2da85af sp=0x000000f6c7efc540 mode 2
Event: 45.453 Thread 0x000002dcfd9d4800 Uncommon trap: trap_request=0xffffff4d fr.pc=0x000002dceafd5e70 relative=0x0000000000000170
Event: 45.453 Thread 0x000002dcfd9d4800 Uncommon trap: reason=unstable_if action=reinterpret pc=0x000002dceafd5e70 method=org.gradle.internal.snapshot.VfsRelativePath.isPrefix(Ljava/lang/String;ILjava/lang/String;ILorg/gradle/internal/snapshot/CaseSensitivity;)Z @ 101 c2
Event: 45.453 Thread 0x000002dcfd9d4800 DEOPT PACKING pc=0x000002dceafd5e70 sp=0x000000f6c76f9fb0
Event: 45.453 Thread 0x000002dcfd9d4800 DEOPT UNPACKING pc=0x000002dce2da85af sp=0x000000f6c76f9f48 mode 2
Event: 45.523 Thread 0x000002dcfd9cd800 DEOPT PACKING pc=0x000002dce4e4c576 sp=0x000000f6c71fe040
Event: 45.523 Thread 0x000002dcfd9cd800 DEOPT UNPACKING pc=0x000002dce2de9d0e sp=0x000000f6c71fd560 mode 0

Classes redefined (0 events):
No events

Internal exceptions (20 events):
Event: 38.066 Thread 0x000002dcf9d27000 Exception <a 'java/lang/NoSuchMethodError'{0x00000000888dce30}: 'int java.lang.invoke.DirectMethodHandle$Holder.invokeStatic(java.lang.Object, int, int, java.lang.Object)'> (0x00000000888dce30) thrown at [s\src\hotspot\share\interpreter\linkResolver.cpp, line 773]
Event: 38.454 Thread 0x000002dcf9d27000 Implicit null exception at 0x000002dceae4d3e4 to 0x000002dceae4e9e8
Event: 38.971 Thread 0x000002dcf9d27000 Implicit null exception at 0x000002dceae66a30 to 0x000002dceae66af0
Event: 39.479 Thread 0x000002dcfd9d8000 Exception <a 'java/lang/NoSuchMethodError'{0x0000000089a1fbe8}: 'void java.lang.invoke.DirectMethodHandle$Holder.invokeStatic(java.lang.Object, java.lang.Object, java.lang.Object, java.lang.Object, int, java.lang.Object, java.lang.Object)'> (0x0000000089a1fbe8) thrown at [s\src\hotspot\share\interpreter\linkResolver.cpp, line 773]
Event: 39.540 Thread 0x000002dcfd9d7000 Exception <a 'java/lang/NoSuchMethodError'{0x0000000089831938}: 'java.lang.Object java.lang.invoke.DirectMethodHandle$Holder.invokeSpecialIFC(java.lang.Object, java.lang.Object, java.lang.Object)'> (0x0000000089831938) thrown at [s\src\hotspot\share\interpreter\linkResolver.cpp, line 773]
Event: 40.474 Thread 0x000002dcfd9d8000 Exception <a 'java/lang/NoSuchMethodError'{0x0000000089936a50}: 'void java.lang.invoke.DirectMethodHandle$Holder.invokeVirtual(java.lang.Object, java.lang.Object)'> (0x0000000089936a50) thrown at [s\src\hotspot\share\interpreter\linkResolver.cpp, line 773]
Event: 40.508 Thread 0x000002dcfd9d8000 Exception <a 'java/lang/ClassNotFoundException'{0x00000000898af820}: groovy/util/FileTreeBuilderBeanInfo> (0x00000000898af820) thrown at [s\src\hotspot\share\classfile\systemDictionary.cpp, line 230]
Event: 40.509 Thread 0x000002dcfd9d8000 Exception <a 'java/lang/ClassNotFoundException'{0x00000000897254c0}: groovy/util/FileTreeBuilderCustomizer> (0x00000000897254c0) thrown at [s\src\hotspot\share\classfile\systemDictionary.cpp, line 230]
Event: 40.525 Thread 0x000002dcfd9d8000 Exception <a 'java/lang/ClassNotFoundException'{0x0000000089777b80}: java/io/BufferedWriterBeanInfo> (0x0000000089777b80) thrown at [s\src\hotspot\share\classfile\systemDictionary.cpp, line 230]
Event: 40.525 Thread 0x000002dcfd9d8000 Exception <a 'java/lang/ClassNotFoundException'{0x000000008977d368}: java/io/WriterBeanInfo> (0x000000008977d368) thrown at [s\src\hotspot\share\classfile\systemDictionary.cpp, line 230]
Event: 40.525 Thread 0x000002dcfd9d8000 Exception <a 'java/lang/ClassNotFoundException'{0x0000000089782bb0}: java/io/WriterCustomizer> (0x0000000089782bb0) thrown at [s\src\hotspot\share\classfile\systemDictionary.cpp, line 230]
Event: 40.528 Thread 0x000002dcfd9d8000 Exception <a 'java/lang/ClassNotFoundException'{0x00000000897905b0}: java/io/BufferedWriterCustomizer> (0x00000000897905b0) thrown at [s\src\hotspot\share\classfile\systemDictionary.cpp, line 230]
Event: 40.648 Thread 0x000002dcfd9cf000 Exception <a 'java/lang/NoSuchMethodError'{0x000000008955e280}: <clinit>> (0x000000008955e280) thrown at [s\src\hotspot\share\prims\jni.cpp, line 1367]
Event: 42.881 Thread 0x000002dcfd9d8000 Exception <a 'java/lang/NoSuchMethodError'{0x000000008c35fcb0}: <clinit>> (0x000000008c35fcb0) thrown at [s\src\hotspot\share\prims\jni.cpp, line 1367]
Event: 42.882 Thread 0x000002dcfd9d8000 Exception <a 'java/lang/NoSuchMethodError'{0x000000008c36cea8}: <clinit>> (0x000000008c36cea8) thrown at [s\src\hotspot\share\prims\jni.cpp, line 1367]
Event: 43.904 Thread 0x000002dcfd9db000 Exception <a 'java/lang/NoSuchMethodError'{0x000000008be08950}: <clinit>> (0x000000008be08950) thrown at [s\src\hotspot\share\prims\jni.cpp, line 1367]
Event: 43.905 Thread 0x000002dcfd9db000 Exception <a 'java/lang/NoSuchMethodError'{0x000000008be0a228}: <clinit>> (0x000000008be0a228) thrown at [s\src\hotspot\share\prims\jni.cpp, line 1367]
Event: 43.905 Thread 0x000002dcfd9db000 Exception <a 'java/lang/NoSuchMethodError'{0x000000008be0ce18}: <clinit>> (0x000000008be0ce18) thrown at [s\src\hotspot\share\prims\jni.cpp, line 1367]
Event: 43.909 Thread 0x000002dcfd9db000 Exception <a 'java/lang/NoSuchMethodError'{0x000000008be28648}: <clinit>> (0x000000008be28648) thrown at [s\src\hotspot\share\prims\jni.cpp, line 1367]
Event: 43.909 Thread 0x000002dcfd9db000 Exception <a 'java/lang/NoSuchMethodError'{0x000000008be29880}: <clinit>> (0x000000008be29880) thrown at [s\src\hotspot\share\prims\jni.cpp, line 1367]

Events (20 events):
Event: 44.801 Executing VM operation: RevokeBias done
Event: 44.841 Executing VM operation: G1CollectForAllocation
Event: 44.848 Executing VM operation: G1CollectForAllocation done
Event: 45.096 Executing VM operation: ICBufferFull
Event: 45.096 Executing VM operation: ICBufferFull done
Event: 45.101 Executing VM operation: CGC_Operation
Event: 45.117 Executing VM operation: CGC_Operation done
Event: 45.227 Executing VM operation: G1CollectForAllocation
Event: 45.233 Executing VM operation: G1CollectForAllocation done
Event: 45.249 Executing VM operation: RevokeBias
Event: 45.249 Executing VM operation: RevokeBias done
Event: 45.277 Executing VM operation: CGC_Operation
Event: 45.277 Executing VM operation: CGC_Operation done
Event: 45.363 Executing VM operation: G1CollectForAllocation
Event: 45.368 Executing VM operation: G1CollectForAllocation done
Event: 45.636 Executing VM operation: CGC_Operation
Event: 45.653 Executing VM operation: CGC_Operation done
Event: 45.774 loading class org/gradle/cache/internal/btree/FileBackedBlockStore$1
Event: 45.774 loading class org/gradle/cache/internal/btree/FileBackedBlockStore$1 done
Event: 45.818 Executing VM operation: G1CollectForAllocation


Dynamic libraries:
0x00007ff6b1c30000 - 0x00007ff6b1c3d000 	C:\Program Files\Microsoft\jdk-11.0.19.7-hotspot\bin\java.exe
0x00007ffe8eab0000 - 0x00007ffe8ecc4000 	C:\WINDOWS\SYSTEM32\ntdll.dll
0x00007ffe8cf90000 - 0x00007ffe8d052000 	C:\WINDOWS\System32\KERNEL32.DLL
0x00007ffe8c310000 - 0x00007ffe8c6b3000 	C:\WINDOWS\System32\KERNELBASE.dll
0x00007ffe8c0d0000 - 0x00007ffe8c1e1000 	C:\WINDOWS\System32\ucrtbase.dll
0x00007ffe55450000 - 0x00007ffe55467000 	C:\Program Files\Microsoft\jdk-11.0.19.7-hotspot\bin\jli.dll
0x00007ffe55470000 - 0x00007ffe55485000 	C:\Program Files\Microsoft\jdk-11.0.19.7-hotspot\bin\VCRUNTIME140.dll
0x00007ffe8ca60000 - 0x00007ffe8cc0b000 	C:\WINDOWS\System32\USER32.dll
0x00007ffe8c0a0000 - 0x00007ffe8c0c6000 	C:\WINDOWS\System32\win32u.dll
0x00007ffe8e4c0000 - 0x00007ffe8e4e9000 	C:\WINDOWS\System32\GDI32.dll
0x00007ffe8c1f0000 - 0x00007ffe8c308000 	C:\WINDOWS\System32\gdi32full.dll
0x00007ffe8bf40000 - 0x00007ffe8bfda000 	C:\WINDOWS\System32\msvcp_win.dll
0x00007ffe6b640000 - 0x00007ffe6b8ce000 	C:\WINDOWS\WinSxS\amd64_microsoft.windows.common-controls_6595b64144ccf1df_6.0.22621.1635_none_270f70857386168e\COMCTL32.dll
0x00007ffe8ccb0000 - 0x00007ffe8cd57000 	C:\WINDOWS\System32\msvcrt.dll
0x00007ffe8d910000 - 0x00007ffe8d941000 	C:\WINDOWS\System32\IMM32.DLL
0x00007ffe25cb0000 - 0x00007ffe25d4b000 	C:\Program Files\Microsoft\jdk-11.0.19.7-hotspot\bin\msvcp140.dll
0x00007ffe25110000 - 0x00007ffe25ca3000 	C:\Program Files\Microsoft\jdk-11.0.19.7-hotspot\bin\server\jvm.dll
0x00007ffe8e4f0000 - 0x00007ffe8e59e000 	C:\WINDOWS\System32\ADVAPI32.dll
0x00007ffe8d860000 - 0x00007ffe8d904000 	C:\WINDOWS\System32\sechost.dll
0x00007ffe8e5a0000 - 0x00007ffe8e6b7000 	C:\WINDOWS\System32\RPCRT4.dll
0x00007ffe8cf30000 - 0x00007ffe8cf38000 	C:\WINDOWS\System32\PSAPI.DLL
0x00007ffe76fe0000 - 0x00007ffe76fe9000 	C:\WINDOWS\SYSTEM32\WSOCK32.dll
0x00007ffe8d960000 - 0x00007ffe8d9d1000 	C:\WINDOWS\System32\WS2_32.dll
0x00007ffe84100000 - 0x00007ffe84134000 	C:\WINDOWS\SYSTEM32\WINMM.dll
0x00007ffe7be30000 - 0x00007ffe7be3a000 	C:\WINDOWS\SYSTEM32\VERSION.dll
0x00007ffe8aee0000 - 0x00007ffe8aef8000 	C:\WINDOWS\SYSTEM32\kernel.appcore.dll
0x00007ffe675a0000 - 0x00007ffe675b0000 	C:\Program Files\Microsoft\jdk-11.0.19.7-hotspot\bin\verify.dll
0x00007ffe89860000 - 0x00007ffe89a8e000 	C:\WINDOWS\SYSTEM32\DBGHELP.DLL
0x00007ffe8e6c0000 - 0x00007ffe8ea49000 	C:\WINDOWS\System32\combase.dll
0x00007ffe8dc60000 - 0x00007ffe8dd37000 	C:\WINDOWS\System32\OLEAUT32.dll
0x00007ffe7ab90000 - 0x00007ffe7abc2000 	C:\WINDOWS\SYSTEM32\dbgcore.DLL
0x00007ffe8c6c0000 - 0x00007ffe8c73b000 	C:\WINDOWS\System32\bcryptPrimitives.dll
0x00007ffe55420000 - 0x00007ffe55448000 	C:\Program Files\Microsoft\jdk-11.0.19.7-hotspot\bin\java.dll
0x00007ffe5a770000 - 0x00007ffe5a77a000 	C:\Program Files\Microsoft\jdk-11.0.19.7-hotspot\bin\jimage.dll
0x00007ffe250f0000 - 0x00007ffe25108000 	C:\Program Files\Microsoft\jdk-11.0.19.7-hotspot\bin\zip.dll
0x00007ffe8d060000 - 0x00007ffe8d85a000 	C:\WINDOWS\System32\SHELL32.dll
0x00007ffe89e80000 - 0x00007ffe8a74e000 	C:\WINDOWS\SYSTEM32\windows.storage.dll
0x00007ffe89d40000 - 0x00007ffe89e7e000 	C:\WINDOWS\SYSTEM32\wintypes.dll
0x00007ffe8db60000 - 0x00007ffe8dc51000 	C:\WINDOWS\System32\SHCORE.dll
0x00007ffe8c950000 - 0x00007ffe8c9ae000 	C:\WINDOWS\System32\shlwapi.dll
0x00007ffe8be00000 - 0x00007ffe8be21000 	C:\WINDOWS\SYSTEM32\profapi.dll
0x00007ffe23b50000 - 0x00007ffe23b69000 	C:\Program Files\Microsoft\jdk-11.0.19.7-hotspot\bin\net.dll
0x00007ffe82cf0000 - 0x00007ffe82e27000 	C:\WINDOWS\SYSTEM32\WINHTTP.dll
0x00007ffe8b340000 - 0x00007ffe8b3a9000 	C:\WINDOWS\system32\mswsock.dll
0x00007ffe23b30000 - 0x00007ffe23b43000 	C:\Program Files\Microsoft\jdk-11.0.19.7-hotspot\bin\nio.dll
0x00007ffe5acc0000 - 0x00007ffe5ace7000 	C:\Users\VISHAMBAR DUTT\.gradle\native\e1d6ef7f7dcc3fd88c89a11ec53ec762bb8ba0a96d01ffa2cd45eb1d1d8dd5c5\windows-amd64\native-platform.dll
0x00007ffe52ad0000 - 0x00007ffe52c14000 	C:\Users\VISHAMBAR DUTT\.gradle\native\0d407fdbe67a94daf76414ababcb853783967236a71b16ec16e742cd7a986fd3\windows-amd64\native-platform-file-events.dll
0x00007ffe48f70000 - 0x00007ffe48f79000 	C:\Program Files\Microsoft\jdk-11.0.19.7-hotspot\bin\management.dll
0x00007ffe486b0000 - 0x00007ffe486bb000 	C:\Program Files\Microsoft\jdk-11.0.19.7-hotspot\bin\management_ext.dll
0x00007ffe8b660000 - 0x00007ffe8b67b000 	C:\WINDOWS\SYSTEM32\CRYPTSP.dll
0x00007ffe8ae50000 - 0x00007ffe8ae85000 	C:\WINDOWS\system32\rsaenh.dll
0x00007ffe8b3e0000 - 0x00007ffe8b408000 	C:\WINDOWS\SYSTEM32\USERENV.dll
0x00007ffe8b7b0000 - 0x00007ffe8b7d8000 	C:\WINDOWS\SYSTEM32\bcrypt.dll
0x00007ffe8b640000 - 0x00007ffe8b64c000 	C:\WINDOWS\SYSTEM32\CRYPTBASE.dll
0x00007ffe8a9b0000 - 0x00007ffe8a9dd000 	C:\WINDOWS\SYSTEM32\IPHLPAPI.DLL
0x00007ffe8d950000 - 0x00007ffe8d959000 	C:\WINDOWS\System32\NSI.dll
0x00007ffe814f0000 - 0x00007ffe81509000 	C:\WINDOWS\SYSTEM32\dhcpcsvc6.DLL
0x00007ffe814d0000 - 0x00007ffe814ef000 	C:\WINDOWS\SYSTEM32\dhcpcsvc.DLL
0x00007ffe8aa20000 - 0x00007ffe8ab13000 	C:\WINDOWS\SYSTEM32\DNSAPI.dll

dbghelp: loaded successfully - version: 4.0.5 - missing functions: none
symbol engine: initialized successfully - sym options: 0x614 - pdb path: .;C:\Program Files\Microsoft\jdk-11.0.19.7-hotspot\bin;C:\WINDOWS\SYSTEM32;C:\WINDOWS\WinSxS\amd64_microsoft.windows.common-controls_6595b64144ccf1df_6.0.22621.1635_none_270f70857386168e;C:\Program Files\Microsoft\jdk-11.0.19.7-hotspot\bin\server;C:\Users\VISHAMBAR DUTT\.gradle\native\e1d6ef7f7dcc3fd88c89a11ec53ec762bb8ba0a96d01ffa2cd45eb1d1d8dd5c5\windows-amd64;C:\Users\VISHAMBAR DUTT\.gradle\native\0d407fdbe67a94daf76414ababcb853783967236a71b16ec16e742cd7a986fd3\windows-amd64

VM Arguments:
jvm_args: -XX:MaxMetaspaceSize=512m --add-opens=java.base/java.util=ALL-UNNAMED --add-opens=java.base/java.lang=ALL-UNNAMED --add-opens=java.base/java.lang.invoke=ALL-UNNAMED --add-opens=java.base/java.util=ALL-UNNAMED --add-opens=java.prefs/java.util.prefs=ALL-UNNAMED --add-opens=java.prefs/java.util.prefs=ALL-UNNAMED --add-opens=java.base/java.nio.charset=ALL-UNNAMED --add-opens=java.base/java.net=ALL-UNNAMED --add-opens=java.base/java.util.concurrent.atomic=ALL-UNNAMED -Xmx2048m -Dfile.encoding=windows-1252 -Duser.country=IN -Duser.language=en -Duser.variant 
java_command: org.gradle.launcher.daemon.bootstrap.GradleDaemon 7.5.1
java_class_path (initial): C:\Users\VISHAMBAR DUTT\.gradle\wrapper\dists\gradle-7.5.1-all\1ehga6e77gqps5uk2kc5kf1vc\gradle-7.5.1\lib\gradle-launcher-7.5.1.jar
Launcher Type: SUN_STANDARD

[Global flags]
     intx CICompilerCount                          = 3                                         {product} {ergonomic}
   size_t CompressedClassSpaceSize                 = 528482304                                 {product} {ergonomic}
     uint ConcGCThreads                            = 1                                         {product} {ergonomic}
     uint G1ConcRefinementThreads                  = 4                                         {product} {ergonomic}
   size_t G1HeapRegionSize                         = 1048576                                   {product} {ergonomic}
    uintx GCDrainStackTargetSize                   = 64                                        {product} {ergonomic}
   size_t InitialHeapSize                          = 130023424                                 {product} {ergonomic}
   size_t MarkStackSize                            = 4194304                                   {product} {ergonomic}
   size_t MaxHeapSize                              = 2147483648                                {product} {command line}
   size_t MaxMetaspaceSize                         = 536870912                                 {product} {command line}
   size_t MaxNewSize                               = 1287651328                                {product} {ergonomic}
   size_t MinHeapDeltaBytes                        = 1048576                                   {product} {ergonomic}
    uintx NonNMethodCodeHeapSize                   = 5830732                                {pd product} {ergonomic}
    uintx NonProfiledCodeHeapSize                  = 122913754                              {pd product} {ergonomic}
    uintx ProfiledCodeHeapSize                     = 122913754                              {pd product} {ergonomic}
    uintx ReservedCodeCacheSize                    = 251658240                              {pd product} {ergonomic}
     bool SegmentedCodeCache                       = true                                      {product} {ergonomic}
     bool UseCompressedClassPointers               = true                                 {lp64_product} {ergonomic}
     bool UseCompressedOops                        = true                                 {lp64_product} {ergonomic}
     bool UseG1GC                                  = true                                      {product} {ergonomic}
     bool UseLargePagesIndividualAllocation        = false                                  {pd product} {ergonomic}

Logging:
Log output configuration:
 #0: stdout all=warning uptime,level,tags
 #1: stderr all=off uptime,level,tags

Environment Variables:
JAVA_HOME=C:\Program Files\Microsoft\jdk-11.0.19.7-hotspot
CLASSPATH=C:\Users\VISHAMBAR DUTT\Desktop\MyBilling\android\\gradle\wrapper\gradle-wrapper.jar
PATH=C:\Users\VISHAMBAR DUTT\Desktop\MyBilling\android\node_modules\.bin;C:\Users\VISHAMBAR DUTT\Desktop\MyBilling\node_modules\.bin;C:\Users\VISHAMBAR DUTT\Desktop\node_modules\.bin;C:\Users\VISHAMBAR DUTT\node_modules\.bin;C:\Users\node_modules\.bin;C:\node_modules\.bin;C:\Program Files\nodejs;C:\Users\VISHAMBAR DUTT\Desktop\MyBilling\node_modules\.bin;C:\Users\VISHAMBAR DUTT\Desktop\MyBilling\node_modules\.bin;C:\Users\VISHAMBAR DUTT\Desktop\node_modules\.bin;C:\Users\VISHAMBAR DUTT\node_modules\.bin;C:\Users\node_modules\.bin;C:\node_modules\.bin;C:\Users\VISHAMBAR DUTT\AppData\Roaming\npm\node_modules\npm\node_modules\@npmcli\run-script\lib\node-gyp-bin;C:\Program Files\PowerShell\7;C:\Program Files\Eclipse Adoptium\jdk-11.0.19.7-hotspot\bin;C:\Program Files\Microsoft\jdk-11.0.19.7-hotspot\bin;C:\Program Files\Microsoft\jdk-11.0.19.7-hotspot\bin;C:\ProgramData\chocolatey\bin;C:\Program Files\nodejs\;C:\Users\VISHAMBAR DUTT\AppData\Local\Android\Sdk\platform-tools;C:\Program Files\PowerShell\7\;C:\Program Files\Git\cmd;C:\Users\VISHAMBAR DUTT\AppData\Local\Microsoft\WindowsApps;C:\Program Files\Java\jdk-17.0.5\bin;C:\apache-ant-1.9.16\bin;C:\Users\VISHAMBAR DUTT\AppData\Roaming\npm;C:\Users\VISHAMBAR DUTT\AppData\Local\Programs\Microsoft VS Code\bin
USERNAME=admin
LANG=en_US.UTF-8
OS=Windows_NT
PROCESSOR_IDENTIFIER=Intel64 Family 6 Model 126 Stepping 5, GenuineIntel
TMP=C:\Users\VISHAM~1\AppData\Local\Temp
TEMP=C:\Users\VISHAM~1\AppData\Local\Temp



---------------  S Y S T E M  ---------------

OS: Windows 11 , 64 bit Build 22621 (10.0.22621.1635)
OS uptime: 0 days 5:13 hours
Hyper-V role detected

CPU:total 4 (initial active 4) (2 cores per cpu, 2 threads per core) family 6 model 126 stepping 5 microcode 0xa8, cmov, cx8, fxsr, mmx, sse, sse2, sse3, ssse3, sse4.1, sse4.2, popcnt, avx, avx2, aes, clmul, erms, 3dnowpref, lzcnt, ht, tsc, tscinvbit, bmi1, bmi2, adx, evex, sha, fma

Memory: 4k page, system-wide physical 7934M (143M free)
TotalPageFile size 16126M (AvailPageFile size 24M)
current process WorkingSet (physical memory assigned to process): 446M, peak: 469M
current process commit charge ("private bytes"): 522M, peak: 565M

vm_info: OpenJDK 64-Bit Server VM (11.0.19+7-LTS) for windows-amd64 JRE (11.0.19+7-LTS), built on Apr 12 2023 23:36:40 by "MicrosoftCorporation" with MS VC++ 15.9 (VS2017)

END.
